<?xml version="1.0" encoding="UTF-8"?>
<!-- Generated by org.testng.reporters.JUnitXMLReporter -->
<testsuite ignored="1" hostname="Pankaj" failures="1" tests="5" name="ChromeTest" time="41.675" errors="0" timestamp="2023-04-10T21:05:03 IST">
  <testcase classname="testpackBewkoof.ToVerifyShirtSection" name="veriftShirtDetailsAfterClicking" time="3.752">
    <failure type="java.lang.AssertionError" message="expected [https://www.bewakoof.com/p/mens-red-groovin-graphic-printed-oversized-t-shirt] but found [https://www.bewakoof.com/p/men-gulf-coast-black-printed-t-shirt]">
      <![CDATA[java.lang.AssertionError: expected [https://www.bewakoof.com/p/mens-red-groovin-graphic-printed-oversized-t-shirt] but found [https://www.bewakoof.com/p/men-gulf-coast-black-printed-t-shirt]
at testpackBewkoof.ToVerifyShirtSection.veriftShirtDetailsAfterClicking(ToVerifyShirtSection.java:73)
at java.base/java.util.concurrent.ThreadPoolExecutor.runWorker(ThreadPoolExecutor.java:1136)
at java.base/java.util.concurrent.ThreadPoolExecutor$Worker.run(ThreadPoolExecutor.java:635)
at java.base/java.lang.Thread.run(Thread.java:833)
... Removed 18 stack frames]]>
    </failure>
  </testcase> <!-- veriftShirtDetailsAfterClicking -->
  <testcase classname="testpackBewkoof.ToVerifyHomePage" name="verifyMenSectionafterClickingMenTab" time="6.866"/>
  <testcase classname="testpackBewkoof.ToVerifyShirtSection" name="verifyTitleofShirtSectionPage" time="0.573"/>
  <testcase classname="testpackBewkoof.ToVerifyHomePage" name="verifyLoginButtononHomePage" time="1.714"/>
  <testcase classname="testpackBewkoof.ToVerifyHomePage" name="enterLoginDetail" time="16.653"/>
  <testcase classname="testpackBewkoof.ToVerifyHomePage" name="tempTest" time="0.0">
    <ignored/>
  </testcase> <!-- tempTest -->
</testsuite> <!-- ChromeTest -->
