<?xml version="1.0" encoding="UTF-8"?>
<!-- Generated by org.testng.reporters.JUnitXMLReporter -->
<testsuite ignored="0" hostname="Pankaj" failures="0" tests="4" name="Default test" time="0.223" errors="0" timestamp="2023-04-10T20:54:45 IST">
  <testcase classname="testpackBewkoof.ToVerifyHomePage" name="@BeforeTest beforeTest" time="-1.681140284782E9">
    <failure type="org.testng.TestNGException" message="
Parameter &amp;apos;browser&amp;apos; is required by BeforeTest on method beforeTest but has not been marked @Optional or defined
in C:\Users\hp\AppData\Local\Temp\testng-eclipse-1984191997\testng-customsuite.xml">
      <![CDATA[org.testng.TestNGException: 
Parameter 'browser' is required by BeforeTest on method beforeTest but has not been marked @Optional or defined
in C:\Users\hp\AppData\Local\Temp\testng-eclipse-1984191997\testng-customsuite.xml
at org.testng.internal.Parameters.createParams(Parameters.java:270)
at org.testng.internal.Parameters.createParametersForMethod(Parameters.java:358)
at org.testng.internal.Parameters.createParameters(Parameters.java:700)
at org.testng.internal.Parameters.createConfigurationParameters(Parameters.java:168)
at org.testng.internal.ConfigInvoker.invokeConfigurations(ConfigInvoker.java:302)
at org.testng.TestRunner.invokeTestConfigurations(TestRunner.java:637)
at org.testng.TestRunner.beforeRun(TestRunner.java:627)
at org.testng.TestRunner.run(TestRunner.java:589)
at org.testng.SuiteRunner.runTest(SuiteRunner.java:377)
at org.testng.SuiteRunner.runSequentially(SuiteRunner.java:371)
at org.testng.SuiteRunner.privateRun(SuiteRunner.java:332)
at org.testng.SuiteRunner.run(SuiteRunner.java:276)
at org.testng.SuiteRunnerWorker.runSuite(SuiteRunnerWorker.java:53)
at org.testng.SuiteRunnerWorker.run(SuiteRunnerWorker.java:96)
at org.testng.TestNG.runSuitesSequentially(TestNG.java:1212)
at org.testng.TestNG.runSuitesLocally(TestNG.java:1134)
at org.testng.TestNG.runSuites(TestNG.java:1063)
at org.testng.TestNG.run(TestNG.java:1031)
at org.testng.remote.AbstractRemoteTestNG.run(AbstractRemoteTestNG.java:115)
at org.testng.remote.RemoteTestNG.initAndRun(RemoteTestNG.java:251)
at org.testng.remote.RemoteTestNG.main(RemoteTestNG.java:77)
]]>
    </failure>
  </testcase> <!-- @BeforeTest beforeTest -->
  <testcase classname="testpackBewkoof.ToVerifyHomePage" name="@BeforeClass launchBrowser" time="-1.681140284841E9">
    <skipped/>
  </testcase> <!-- @BeforeClass launchBrowser -->
  <testcase classname="testpackBewkoof.ToVerifyHomePage" name="@BeforeMethod openApplication" time="-1.681140284879E9">
    <skipped/>
  </testcase> <!-- @BeforeMethod openApplication -->
  <testcase classname="testpackBewkoof.ToVerifyHomePage" name="@AfterMethod logOutBrowser" time="-1.681140284893E9">
    <skipped/>
  </testcase> <!-- @AfterMethod logOutBrowser -->
  <testcase classname="testpackBewkoof.ToVerifyHomePage" name="@BeforeMethod openApplication" time="-1.681140284897E9">
    <skipped/>
  </testcase> <!-- @BeforeMethod openApplication -->
  <testcase classname="testpackBewkoof.ToVerifyHomePage" name="@AfterMethod logOutBrowser" time="-1.681140284906E9">
    <skipped/>
  </testcase> <!-- @AfterMethod logOutBrowser -->
  <testcase classname="testpackBewkoof.ToVerifyHomePage" name="@BeforeMethod openApplication" time="-1.681140284908E9">
    <skipped/>
  </testcase> <!-- @BeforeMethod openApplication -->
  <testcase classname="testpackBewkoof.ToVerifyHomePage" name="@AfterMethod logOutBrowser" time="-1.681140284919E9">
    <skipped/>
  </testcase> <!-- @AfterMethod logOutBrowser -->
  <testcase classname="testpackBewkoof.ToVerifyHomePage" name="@BeforeMethod openApplication" time="-1.681140284938E9">
    <skipped/>
  </testcase> <!-- @BeforeMethod openApplication -->
  <testcase classname="testpackBewkoof.ToVerifyHomePage" name="@AfterMethod logOutBrowser" time="-1.681140284958E9">
    <skipped/>
  </testcase> <!-- @AfterMethod logOutBrowser -->
  <testcase classname="testpackBewkoof.ToVerifyHomePage" name="@AfterClass clearObject" time="-1.681140284984E9">
    <skipped/>
  </testcase> <!-- @AfterClass clearObject -->
  <testcase classname="testpackBewkoof.ToVerifyHomePage" name="@AfterTest afterTest" time="-1.681140284995E9">
    <skipped/>
  </testcase> <!-- @AfterTest afterTest -->
  <testcase classname="testpackBewkoof.ToVerifyHomePage" name="enterLoginDetail" time="0.0">
    <skipped/>
  </testcase> <!-- enterLoginDetail -->
  <testcase classname="testpackBewkoof.ToVerifyHomePage" name="tempTest" time="0.0">
    <skipped/>
  </testcase> <!-- tempTest -->
  <testcase classname="testpackBewkoof.ToVerifyHomePage" name="verifyLoginButtononHomePage" time="0.0">
    <skipped/>
  </testcase> <!-- verifyLoginButtononHomePage -->
  <testcase classname="testpackBewkoof.ToVerifyHomePage" name="verifyMenSectionafterClickingMenTab" time="0.0">
    <skipped/>
  </testcase> <!-- verifyMenSectionafterClickingMenTab -->
</testsuite> <!-- Default test -->
