<!DOCTYPE html PUBLIC "-//W3C//DTD XHTML 1.1//EN" "https://www.w3.org/TR/xhtml11/DTD/xhtml11.dtd">
<html xmlns="https://www.w3.org/1999/xhtml">
<head>
<meta http-equiv="content-type" content="text/html; charset=UTF-8"/>
<title>TestNG Report</title>
<style type="text/css">table {margin-bottom:10px;border-collapse:collapse;empty-cells:show}th,td {border:1px solid #009;padding:.25em .5em}th {vertical-align:bottom}td {vertical-align:top}table a {font-weight:bold}.stripe td {background-color: #E6EBF9}.num {text-align:right}.passedodd td {background-color: #3F3}.passedeven td {background-color: #0A0}.skippedodd td {background-color: #DDD}.skippedeven td {background-color: #CCC}.failedodd td,.attn {background-color: #F33}.failedeven td,.stripe .attn {background-color: #D00}.stacktrace {white-space:pre;font-family:monospace}.totop {font-size:85%;text-align:center;border-bottom:2px solid #000}.invisible {display:none}</style>
</head>
<body>
<table>
<tr><th>Test</th><th># Passed</th><th># Skipped</th><th># Retried</th><th># Failed</th><th>Time (ms)</th><th>Included Groups</th><th>Excluded Groups</th></tr>
<tr><th colspan="8">Failed suite [Failed suite [HighPrioritySuite]]</th></tr>
<tr><td><a href="#t0">ChromeTest(failed)(failed)</a></td><td class="num">0</td><td class="num attn">5</td><td class="num">0</td><td class="num">0</td><td class="num">4,234</td><td></td><td></td></tr>
<tr class="stripe"><td><a href="#t1">FirefoxTest(failed)(failed)</a></td><td class="num">0</td><td class="num">0</td><td class="num">0</td><td class="num attn">1</td><td class="num">13,980</td><td></td><td></td></tr>
<tr><th>Total</th><th class="num">0</th><th class="num attn">5</th><th class="num">0</th><th class="num attn">1</th><th class="num">18,214</th><th colspan="2"></th></tr>
</table>
<table id='summary'><thead><tr><th>Class</th><th>Method</th><th>Start</th><th>Time (ms)</th></tr></thead><tbody><tr><th colspan="4">Failed suite [Failed suite [HighPrioritySuite]]</th></tr></tbody><tbody id="t0"><tr><th colspan="4">ChromeTest(failed)(failed) &#8212; failed (configuration methods)</th></tr><tr class="failedeven"><td rowspan="1">testpackBewkoof.ToVerifyHomePage</td><td><a href="#m0">beforeTest</a></td><td rowspan="1">1687082324623</td><td rowspan="1">3978</td></tr><tr><th colspan="4">ChromeTest(failed)(failed) &#8212; skipped (configuration methods)</th></tr><tr class="skippedeven"><td rowspan="9">testpackBewkoof.ToVerifyHomePage</td><td><a href="#m1">afterTest</a></td><td rowspan="1">1687082328826</td><td rowspan="1">-1687082328826</td></tr><tr class="skippedeven"><td><a href="#m2">clearObject</a></td><td rowspan="1">1687082328808</td><td rowspan="1">-1687082328808</td></tr><tr class="skippedeven"><td><a href="#m3">launchBrowser</a></td><td rowspan="1">1687082328659</td><td rowspan="1">-1687082328659</td></tr><tr class="skippedeven"><td><a href="#m4">logOutBrowser</a></td><td rowspan="3">1687082328769</td><td rowspan="3">-1687082328769</td></tr><tr class="skippedeven"><td><a href="#m5">logOutBrowser</a></td></tr><tr class="skippedeven"><td><a href="#m6">logOutBrowser</a></td></tr><tr class="skippedeven"><td><a href="#m7">openApplication</a></td><td rowspan="3">1687082328698</td><td rowspan="3">-1687082328698</td></tr><tr class="skippedeven"><td><a href="#m8">openApplication</a></td></tr><tr class="skippedeven"><td><a href="#m9">openApplication</a></td></tr><tr class="skippedodd"><td rowspan="8">testpackBewkoof.ToVerifyShirtSection</td><td><a href="#m10">afterMethod</a></td><td rowspan="2">1687082328734</td><td rowspan="2">-1687082328734</td></tr><tr class="skippedodd"><td><a href="#m11">afterMethod</a></td></tr><tr class="skippedodd"><td><a href="#m12">afterTest</a></td><td rowspan="1">1687082328832</td><td rowspan="1">-1687082328832</td></tr><tr class="skippedodd"><td><a href="#m13">beforeTest</a></td><td rowspan="1">1687082328616</td><td rowspan="1">-1687082328616</td></tr><tr class="skippedodd"><td><a href="#m14">clearObject</a></td><td rowspan="1">1687082328815</td><td rowspan="1">-1687082328815</td></tr><tr class="skippedodd"><td><a href="#m15">launchBrowser</a></td><td rowspan="1">1687082328670</td><td rowspan="1">-1687082328670</td></tr><tr class="skippedodd"><td><a href="#m16">openApplication</a></td><td rowspan="2">1687082328698</td><td rowspan="2">-1687082328698</td></tr><tr class="skippedodd"><td><a href="#m17">openApplication</a></td></tr><tr><th colspan="4">ChromeTest(failed)(failed) &#8212; skipped</th></tr><tr class="skippedeven"><td rowspan="3">testpackBewkoof.ToVerifyHomePage</td><td><a href="#m18">enterLoginDetail</a></td><td rowspan="1">1687082328753</td><td rowspan="1">0</td></tr><tr class="skippedeven"><td><a href="#m19">verifyLoginButtononHomePage</a></td><td rowspan="1">1687082328792</td><td rowspan="1">0</td></tr><tr class="skippedeven"><td><a href="#m20">verifyMenSectionafterClickingMenTab</a></td><td rowspan="1">1687082328706</td><td rowspan="1">0</td></tr><tr class="skippedodd"><td rowspan="2">testpackBewkoof.ToVerifyShirtSection</td><td><a href="#m21">veriftShirtDetailsAfterClicking</a></td><td rowspan="1">1687082328717</td><td rowspan="1">0</td></tr><tr class="skippedodd"><td><a href="#m22">verifyTitleofShirtSectionPage</a></td><td rowspan="1">1687082328742</td><td rowspan="1">0</td></tr></tbody>
<tbody id="t1"><tr><th colspan="4">FirefoxTest(failed)(failed) &#8212; failed (configuration methods)</th></tr><tr class="failedeven"><td rowspan="1">testpackBewkoof.ToVerifyShirtSection</td><td><a href="#m23">afterMethod</a></td><td rowspan="1">1687082342174</td><td rowspan="1">726</td></tr><tr><th colspan="4">FirefoxTest(failed)(failed) &#8212; failed</th></tr><tr class="failedeven"><td rowspan="1">testpackBewkoof.ToVerifyShirtSection</td><td><a href="#m24">veriftShirtDetailsAfterClicking</a></td><td rowspan="1">1687082342081</td><td rowspan="1">88</td></tr><tr><th colspan="4">FirefoxTest(failed)(failed) &#8212; skipped (configuration methods)</th></tr><tr class="skippedeven"><td rowspan="2">testpackBewkoof.ToVerifyShirtSection</td><td><a href="#m25">afterTest</a></td><td rowspan="1">1687082342931</td><td rowspan="1">-1687082342931</td></tr><tr class="skippedeven"><td><a href="#m26">clearObject</a></td><td rowspan="1">1687082342907</td><td rowspan="1">-1687082342907</td></tr></tbody>
</table>
<h2>ChromeTest(failed)(failed)</h2><h3 id="m0">testpackBewkoof.ToVerifyHomePage#beforeTest</h3><table class="result"><tr class="param"><th>Parameter #1</th></tr><tr class="param stripe"><td>Chrome</td></tr><tr><th>Exception</th></tr><tr><td><div class="stacktrace">org.openqa.selenium.SessionNotCreatedException: session not created: This version of ChromeDriver only supports Chrome version 111
Current browser version is 114.0.5735.134 with binary path C:\Program Files\Google\Chrome\Application\chrome.exe
Build info: version: &apos;3.141.59&apos;, revision: &apos;e82be7d358&apos;, time: &apos;2018-11-14T08:17:03&apos;
System info: host: &apos;PANKAJ&apos;, ip: &apos;192.168.43.89&apos;, os.name: &apos;Windows 10&apos;, os.arch: &apos;amd64&apos;, os.version: &apos;10.0&apos;, java.version: &apos;17.0.5&apos;
Driver info: driver.version: ChromeDriver
remote stacktrace: Backtrace:
	(No symbol) [0x00C4DCE3]
	(No symbol) [0x00BE39D1]
	(No symbol) [0x00AF4DA8]
	(No symbol) [0x00B14F6C]
	(No symbol) [0x00B10D11]
	(No symbol) [0x00B0ED19]
	(No symbol) [0x00B415AE]
	(No symbol) [0x00B4129C]
	(No symbol) [0x00B3ACC6]
	(No symbol) [0x00B16F68]
	(No symbol) [0x00B180CD]
	GetHandleVerifier [0x00EC3832+2506274]
	GetHandleVerifier [0x00EF9794+2727300]
	GetHandleVerifier [0x00EFE36C+2746716]
	GetHandleVerifier [0x00CF6690+617600]
	(No symbol) [0x00BEC712]
	(No symbol) [0x00BF1FF8]
	(No symbol) [0x00BF20DB]
	(No symbol) [0x00BFC63B]
	BaseThreadInitThunk [0x75AF00C9+25]
	RtlGetAppContainerNamedObjectPath [0x77617B4E+286]
	RtlGetAppContainerNamedObjectPath [0x77617B1E+238]

	at org.openqa.selenium.remote.W3CHandshakeResponse.lambda$errorHandler$0(W3CHandshakeResponse.java:62)
	at org.openqa.selenium.remote.HandshakeResponse.lambda$getResponseFunction$0(HandshakeResponse.java:30)
	at org.openqa.selenium.remote.ProtocolHandshake.lambda$createSession$0(ProtocolHandshake.java:126)
	at java.base/java.util.stream.ReferencePipeline$3$1.accept(ReferencePipeline.java:197)
	at java.base/java.util.Spliterators$ArraySpliterator.tryAdvance(Spliterators.java:1002)
	at java.base/java.util.stream.ReferencePipeline.forEachWithCancel(ReferencePipeline.java:129)
	at java.base/java.util.stream.AbstractPipeline.copyIntoWithCancel(AbstractPipeline.java:527)
	at java.base/java.util.stream.AbstractPipeline.copyInto(AbstractPipeline.java:513)
	at java.base/java.util.stream.AbstractPipeline.wrapAndCopyInto(AbstractPipeline.java:499)
	at java.base/java.util.stream.FindOps$FindOp.evaluateSequential(FindOps.java:150)
	at java.base/java.util.stream.AbstractPipeline.evaluate(AbstractPipeline.java:234)
	at java.base/java.util.stream.ReferencePipeline.findFirst(ReferencePipeline.java:647)
	at org.openqa.selenium.remote.ProtocolHandshake.createSession(ProtocolHandshake.java:128)
	at org.openqa.selenium.remote.ProtocolHandshake.createSession(ProtocolHandshake.java:74)
	at org.openqa.selenium.remote.HttpCommandExecutor.execute(HttpCommandExecutor.java:136)
	at org.openqa.selenium.remote.service.DriverCommandExecutor.execute(DriverCommandExecutor.java:83)
	at org.openqa.selenium.remote.RemoteWebDriver.execute(RemoteWebDriver.java:552)
	at org.openqa.selenium.remote.RemoteWebDriver.startSession(RemoteWebDriver.java:213)
	at org.openqa.selenium.remote.RemoteWebDriver.&lt;init&gt;(RemoteWebDriver.java:131)
	at org.openqa.selenium.chrome.ChromeDriver.&lt;init&gt;(ChromeDriver.java:181)
	at org.openqa.selenium.chrome.ChromeDriver.&lt;init&gt;(ChromeDriver.java:168)
	at org.openqa.selenium.chrome.ChromeDriver.&lt;init&gt;(ChromeDriver.java:157)
	at browserSetup.Base.openChromeBrowser(Base.java:15)
	at testpackBewkoof.ToVerifyHomePage.beforeTest(ToVerifyHomePage.java:36)
... Removed 29 stack frames</div></td></tr></table><p class="totop"><a href="#summary">back to summary</a></p>
<h3 id="m1">testpackBewkoof.ToVerifyHomePage#afterTest</h3><table class="result"><tr><th class="invisible"/></tr></table><p class="totop"><a href="#summary">back to summary</a></p>
<h3 id="m2">testpackBewkoof.ToVerifyHomePage#clearObject</h3><table class="result"><tr><th class="invisible"/></tr></table><p class="totop"><a href="#summary">back to summary</a></p>
<h3 id="m3">testpackBewkoof.ToVerifyHomePage#launchBrowser</h3><table class="result"><tr><th class="invisible"/></tr></table><p class="totop"><a href="#summary">back to summary</a></p>
<h3 id="m4">testpackBewkoof.ToVerifyHomePage#logOutBrowser</h3><table class="result"><tr><th class="invisible"/></tr></table><p class="totop"><a href="#summary">back to summary</a></p>
<h3 id="m5">testpackBewkoof.ToVerifyHomePage#logOutBrowser</h3><table class="result"><tr><th class="invisible"/></tr></table><p class="totop"><a href="#summary">back to summary</a></p>
<h3 id="m6">testpackBewkoof.ToVerifyHomePage#logOutBrowser</h3><table class="result"><tr><th class="invisible"/></tr></table><p class="totop"><a href="#summary">back to summary</a></p>
<h3 id="m7">testpackBewkoof.ToVerifyHomePage#openApplication</h3><table class="result"><tr><th class="invisible"/></tr></table><p class="totop"><a href="#summary">back to summary</a></p>
<h3 id="m8">testpackBewkoof.ToVerifyHomePage#openApplication</h3><table class="result"><tr><th class="invisible"/></tr></table><p class="totop"><a href="#summary">back to summary</a></p>
<h3 id="m9">testpackBewkoof.ToVerifyHomePage#openApplication</h3><table class="result"><tr><th class="invisible"/></tr></table><p class="totop"><a href="#summary">back to summary</a></p>
<h3 id="m10">testpackBewkoof.ToVerifyShirtSection#afterMethod</h3><table class="result"><tr><th class="invisible"/></tr></table><p class="totop"><a href="#summary">back to summary</a></p>
<h3 id="m11">testpackBewkoof.ToVerifyShirtSection#afterMethod</h3><table class="result"><tr><th class="invisible"/></tr></table><p class="totop"><a href="#summary">back to summary</a></p>
<h3 id="m12">testpackBewkoof.ToVerifyShirtSection#afterTest</h3><table class="result"><tr><th class="invisible"/></tr></table><p class="totop"><a href="#summary">back to summary</a></p>
<h3 id="m13">testpackBewkoof.ToVerifyShirtSection#beforeTest</h3><table class="result"><tr><th class="invisible"/></tr></table><p class="totop"><a href="#summary">back to summary</a></p>
<h3 id="m14">testpackBewkoof.ToVerifyShirtSection#clearObject</h3><table class="result"><tr><th class="invisible"/></tr></table><p class="totop"><a href="#summary">back to summary</a></p>
<h3 id="m15">testpackBewkoof.ToVerifyShirtSection#launchBrowser</h3><table class="result"><tr><th class="invisible"/></tr></table><p class="totop"><a href="#summary">back to summary</a></p>
<h3 id="m16">testpackBewkoof.ToVerifyShirtSection#openApplication</h3><table class="result"><tr><th class="invisible"/></tr></table><p class="totop"><a href="#summary">back to summary</a></p>
<h3 id="m17">testpackBewkoof.ToVerifyShirtSection#openApplication</h3><table class="result"><tr><th class="invisible"/></tr></table><p class="totop"><a href="#summary">back to summary</a></p>
<h3 id="m18">testpackBewkoof.ToVerifyHomePage#enterLoginDetail</h3><table class="result"><tr><th>Exception</th></tr><tr><td><div class="stacktrace">org.openqa.selenium.SessionNotCreatedException: session not created: This version of ChromeDriver only supports Chrome version 111
Current browser version is 114.0.5735.134 with binary path C:\Program Files\Google\Chrome\Application\chrome.exe
Build info: version: &apos;3.141.59&apos;, revision: &apos;e82be7d358&apos;, time: &apos;2018-11-14T08:17:03&apos;
System info: host: &apos;PANKAJ&apos;, ip: &apos;192.168.43.89&apos;, os.name: &apos;Windows 10&apos;, os.arch: &apos;amd64&apos;, os.version: &apos;10.0&apos;, java.version: &apos;17.0.5&apos;
Driver info: driver.version: ChromeDriver
remote stacktrace: Backtrace:
	(No symbol) [0x00C4DCE3]
	(No symbol) [0x00BE39D1]
	(No symbol) [0x00AF4DA8]
	(No symbol) [0x00B14F6C]
	(No symbol) [0x00B10D11]
	(No symbol) [0x00B0ED19]
	(No symbol) [0x00B415AE]
	(No symbol) [0x00B4129C]
	(No symbol) [0x00B3ACC6]
	(No symbol) [0x00B16F68]
	(No symbol) [0x00B180CD]
	GetHandleVerifier [0x00EC3832+2506274]
	GetHandleVerifier [0x00EF9794+2727300]
	GetHandleVerifier [0x00EFE36C+2746716]
	GetHandleVerifier [0x00CF6690+617600]
	(No symbol) [0x00BEC712]
	(No symbol) [0x00BF1FF8]
	(No symbol) [0x00BF20DB]
	(No symbol) [0x00BFC63B]
	BaseThreadInitThunk [0x75AF00C9+25]
	RtlGetAppContainerNamedObjectPath [0x77617B4E+286]
	RtlGetAppContainerNamedObjectPath [0x77617B1E+238]

	at org.openqa.selenium.remote.W3CHandshakeResponse.lambda$errorHandler$0(W3CHandshakeResponse.java:62)
	at org.openqa.selenium.remote.HandshakeResponse.lambda$getResponseFunction$0(HandshakeResponse.java:30)
	at org.openqa.selenium.remote.ProtocolHandshake.lambda$createSession$0(ProtocolHandshake.java:126)
	at java.base/java.util.stream.ReferencePipeline$3$1.accept(ReferencePipeline.java:197)
	at java.base/java.util.Spliterators$ArraySpliterator.tryAdvance(Spliterators.java:1002)
	at java.base/java.util.stream.ReferencePipeline.forEachWithCancel(ReferencePipeline.java:129)
	at java.base/java.util.stream.AbstractPipeline.copyIntoWithCancel(AbstractPipeline.java:527)
	at java.base/java.util.stream.AbstractPipeline.copyInto(AbstractPipeline.java:513)
	at java.base/java.util.stream.AbstractPipeline.wrapAndCopyInto(AbstractPipeline.java:499)
	at java.base/java.util.stream.FindOps$FindOp.evaluateSequential(FindOps.java:150)
	at java.base/java.util.stream.AbstractPipeline.evaluate(AbstractPipeline.java:234)
	at java.base/java.util.stream.ReferencePipeline.findFirst(ReferencePipeline.java:647)
	at org.openqa.selenium.remote.ProtocolHandshake.createSession(ProtocolHandshake.java:128)
	at org.openqa.selenium.remote.ProtocolHandshake.createSession(ProtocolHandshake.java:74)
	at org.openqa.selenium.remote.HttpCommandExecutor.execute(HttpCommandExecutor.java:136)
	at org.openqa.selenium.remote.service.DriverCommandExecutor.execute(DriverCommandExecutor.java:83)
	at org.openqa.selenium.remote.RemoteWebDriver.execute(RemoteWebDriver.java:552)
	at org.openqa.selenium.remote.RemoteWebDriver.startSession(RemoteWebDriver.java:213)
	at org.openqa.selenium.remote.RemoteWebDriver.&lt;init&gt;(RemoteWebDriver.java:131)
	at org.openqa.selenium.chrome.ChromeDriver.&lt;init&gt;(ChromeDriver.java:181)
	at org.openqa.selenium.chrome.ChromeDriver.&lt;init&gt;(ChromeDriver.java:168)
	at org.openqa.selenium.chrome.ChromeDriver.&lt;init&gt;(ChromeDriver.java:157)
	at browserSetup.Base.openChromeBrowser(Base.java:15)
	at testpackBewkoof.ToVerifyHomePage.beforeTest(ToVerifyHomePage.java:36)
... Removed 29 stack frames</div></td></tr></table><p class="totop"><a href="#summary">back to summary</a></p>
<h3 id="m19">testpackBewkoof.ToVerifyHomePage#verifyLoginButtononHomePage</h3><table class="result"><tr><th>Exception</th></tr><tr><td><div class="stacktrace">org.openqa.selenium.SessionNotCreatedException: session not created: This version of ChromeDriver only supports Chrome version 111
Current browser version is 114.0.5735.134 with binary path C:\Program Files\Google\Chrome\Application\chrome.exe
Build info: version: &apos;3.141.59&apos;, revision: &apos;e82be7d358&apos;, time: &apos;2018-11-14T08:17:03&apos;
System info: host: &apos;PANKAJ&apos;, ip: &apos;192.168.43.89&apos;, os.name: &apos;Windows 10&apos;, os.arch: &apos;amd64&apos;, os.version: &apos;10.0&apos;, java.version: &apos;17.0.5&apos;
Driver info: driver.version: ChromeDriver
remote stacktrace: Backtrace:
	(No symbol) [0x00C4DCE3]
	(No symbol) [0x00BE39D1]
	(No symbol) [0x00AF4DA8]
	(No symbol) [0x00B14F6C]
	(No symbol) [0x00B10D11]
	(No symbol) [0x00B0ED19]
	(No symbol) [0x00B415AE]
	(No symbol) [0x00B4129C]
	(No symbol) [0x00B3ACC6]
	(No symbol) [0x00B16F68]
	(No symbol) [0x00B180CD]
	GetHandleVerifier [0x00EC3832+2506274]
	GetHandleVerifier [0x00EF9794+2727300]
	GetHandleVerifier [0x00EFE36C+2746716]
	GetHandleVerifier [0x00CF6690+617600]
	(No symbol) [0x00BEC712]
	(No symbol) [0x00BF1FF8]
	(No symbol) [0x00BF20DB]
	(No symbol) [0x00BFC63B]
	BaseThreadInitThunk [0x75AF00C9+25]
	RtlGetAppContainerNamedObjectPath [0x77617B4E+286]
	RtlGetAppContainerNamedObjectPath [0x77617B1E+238]

	at org.openqa.selenium.remote.W3CHandshakeResponse.lambda$errorHandler$0(W3CHandshakeResponse.java:62)
	at org.openqa.selenium.remote.HandshakeResponse.lambda$getResponseFunction$0(HandshakeResponse.java:30)
	at org.openqa.selenium.remote.ProtocolHandshake.lambda$createSession$0(ProtocolHandshake.java:126)
	at java.base/java.util.stream.ReferencePipeline$3$1.accept(ReferencePipeline.java:197)
	at java.base/java.util.Spliterators$ArraySpliterator.tryAdvance(Spliterators.java:1002)
	at java.base/java.util.stream.ReferencePipeline.forEachWithCancel(ReferencePipeline.java:129)
	at java.base/java.util.stream.AbstractPipeline.copyIntoWithCancel(AbstractPipeline.java:527)
	at java.base/java.util.stream.AbstractPipeline.copyInto(AbstractPipeline.java:513)
	at java.base/java.util.stream.AbstractPipeline.wrapAndCopyInto(AbstractPipeline.java:499)
	at java.base/java.util.stream.FindOps$FindOp.evaluateSequential(FindOps.java:150)
	at java.base/java.util.stream.AbstractPipeline.evaluate(AbstractPipeline.java:234)
	at java.base/java.util.stream.ReferencePipeline.findFirst(ReferencePipeline.java:647)
	at org.openqa.selenium.remote.ProtocolHandshake.createSession(ProtocolHandshake.java:128)
	at org.openqa.selenium.remote.ProtocolHandshake.createSession(ProtocolHandshake.java:74)
	at org.openqa.selenium.remote.HttpCommandExecutor.execute(HttpCommandExecutor.java:136)
	at org.openqa.selenium.remote.service.DriverCommandExecutor.execute(DriverCommandExecutor.java:83)
	at org.openqa.selenium.remote.RemoteWebDriver.execute(RemoteWebDriver.java:552)
	at org.openqa.selenium.remote.RemoteWebDriver.startSession(RemoteWebDriver.java:213)
	at org.openqa.selenium.remote.RemoteWebDriver.&lt;init&gt;(RemoteWebDriver.java:131)
	at org.openqa.selenium.chrome.ChromeDriver.&lt;init&gt;(ChromeDriver.java:181)
	at org.openqa.selenium.chrome.ChromeDriver.&lt;init&gt;(ChromeDriver.java:168)
	at org.openqa.selenium.chrome.ChromeDriver.&lt;init&gt;(ChromeDriver.java:157)
	at browserSetup.Base.openChromeBrowser(Base.java:15)
	at testpackBewkoof.ToVerifyHomePage.beforeTest(ToVerifyHomePage.java:36)
... Removed 29 stack frames</div></td></tr></table><p class="totop"><a href="#summary">back to summary</a></p>
<h3 id="m20">testpackBewkoof.ToVerifyHomePage#verifyMenSectionafterClickingMenTab</h3><table class="result"><tr><th>Exception</th></tr><tr><td><div class="stacktrace">org.openqa.selenium.SessionNotCreatedException: session not created: This version of ChromeDriver only supports Chrome version 111
Current browser version is 114.0.5735.134 with binary path C:\Program Files\Google\Chrome\Application\chrome.exe
Build info: version: &apos;3.141.59&apos;, revision: &apos;e82be7d358&apos;, time: &apos;2018-11-14T08:17:03&apos;
System info: host: &apos;PANKAJ&apos;, ip: &apos;192.168.43.89&apos;, os.name: &apos;Windows 10&apos;, os.arch: &apos;amd64&apos;, os.version: &apos;10.0&apos;, java.version: &apos;17.0.5&apos;
Driver info: driver.version: ChromeDriver
remote stacktrace: Backtrace:
	(No symbol) [0x00C4DCE3]
	(No symbol) [0x00BE39D1]
	(No symbol) [0x00AF4DA8]
	(No symbol) [0x00B14F6C]
	(No symbol) [0x00B10D11]
	(No symbol) [0x00B0ED19]
	(No symbol) [0x00B415AE]
	(No symbol) [0x00B4129C]
	(No symbol) [0x00B3ACC6]
	(No symbol) [0x00B16F68]
	(No symbol) [0x00B180CD]
	GetHandleVerifier [0x00EC3832+2506274]
	GetHandleVerifier [0x00EF9794+2727300]
	GetHandleVerifier [0x00EFE36C+2746716]
	GetHandleVerifier [0x00CF6690+617600]
	(No symbol) [0x00BEC712]
	(No symbol) [0x00BF1FF8]
	(No symbol) [0x00BF20DB]
	(No symbol) [0x00BFC63B]
	BaseThreadInitThunk [0x75AF00C9+25]
	RtlGetAppContainerNamedObjectPath [0x77617B4E+286]
	RtlGetAppContainerNamedObjectPath [0x77617B1E+238]

	at org.openqa.selenium.remote.W3CHandshakeResponse.lambda$errorHandler$0(W3CHandshakeResponse.java:62)
	at org.openqa.selenium.remote.HandshakeResponse.lambda$getResponseFunction$0(HandshakeResponse.java:30)
	at org.openqa.selenium.remote.ProtocolHandshake.lambda$createSession$0(ProtocolHandshake.java:126)
	at java.base/java.util.stream.ReferencePipeline$3$1.accept(ReferencePipeline.java:197)
	at java.base/java.util.Spliterators$ArraySpliterator.tryAdvance(Spliterators.java:1002)
	at java.base/java.util.stream.ReferencePipeline.forEachWithCancel(ReferencePipeline.java:129)
	at java.base/java.util.stream.AbstractPipeline.copyIntoWithCancel(AbstractPipeline.java:527)
	at java.base/java.util.stream.AbstractPipeline.copyInto(AbstractPipeline.java:513)
	at java.base/java.util.stream.AbstractPipeline.wrapAndCopyInto(AbstractPipeline.java:499)
	at java.base/java.util.stream.FindOps$FindOp.evaluateSequential(FindOps.java:150)
	at java.base/java.util.stream.AbstractPipeline.evaluate(AbstractPipeline.java:234)
	at java.base/java.util.stream.ReferencePipeline.findFirst(ReferencePipeline.java:647)
	at org.openqa.selenium.remote.ProtocolHandshake.createSession(ProtocolHandshake.java:128)
	at org.openqa.selenium.remote.ProtocolHandshake.createSession(ProtocolHandshake.java:74)
	at org.openqa.selenium.remote.HttpCommandExecutor.execute(HttpCommandExecutor.java:136)
	at org.openqa.selenium.remote.service.DriverCommandExecutor.execute(DriverCommandExecutor.java:83)
	at org.openqa.selenium.remote.RemoteWebDriver.execute(RemoteWebDriver.java:552)
	at org.openqa.selenium.remote.RemoteWebDriver.startSession(RemoteWebDriver.java:213)
	at org.openqa.selenium.remote.RemoteWebDriver.&lt;init&gt;(RemoteWebDriver.java:131)
	at org.openqa.selenium.chrome.ChromeDriver.&lt;init&gt;(ChromeDriver.java:181)
	at org.openqa.selenium.chrome.ChromeDriver.&lt;init&gt;(ChromeDriver.java:168)
	at org.openqa.selenium.chrome.ChromeDriver.&lt;init&gt;(ChromeDriver.java:157)
	at browserSetup.Base.openChromeBrowser(Base.java:15)
	at testpackBewkoof.ToVerifyHomePage.beforeTest(ToVerifyHomePage.java:36)
... Removed 29 stack frames</div></td></tr></table><p class="totop"><a href="#summary">back to summary</a></p>
<h3 id="m21">testpackBewkoof.ToVerifyShirtSection#veriftShirtDetailsAfterClicking</h3><table class="result"><tr><th>Exception</th></tr><tr><td><div class="stacktrace">org.openqa.selenium.SessionNotCreatedException: session not created: This version of ChromeDriver only supports Chrome version 111
Current browser version is 114.0.5735.134 with binary path C:\Program Files\Google\Chrome\Application\chrome.exe
Build info: version: &apos;3.141.59&apos;, revision: &apos;e82be7d358&apos;, time: &apos;2018-11-14T08:17:03&apos;
System info: host: &apos;PANKAJ&apos;, ip: &apos;192.168.43.89&apos;, os.name: &apos;Windows 10&apos;, os.arch: &apos;amd64&apos;, os.version: &apos;10.0&apos;, java.version: &apos;17.0.5&apos;
Driver info: driver.version: ChromeDriver
remote stacktrace: Backtrace:
	(No symbol) [0x00C4DCE3]
	(No symbol) [0x00BE39D1]
	(No symbol) [0x00AF4DA8]
	(No symbol) [0x00B14F6C]
	(No symbol) [0x00B10D11]
	(No symbol) [0x00B0ED19]
	(No symbol) [0x00B415AE]
	(No symbol) [0x00B4129C]
	(No symbol) [0x00B3ACC6]
	(No symbol) [0x00B16F68]
	(No symbol) [0x00B180CD]
	GetHandleVerifier [0x00EC3832+2506274]
	GetHandleVerifier [0x00EF9794+2727300]
	GetHandleVerifier [0x00EFE36C+2746716]
	GetHandleVerifier [0x00CF6690+617600]
	(No symbol) [0x00BEC712]
	(No symbol) [0x00BF1FF8]
	(No symbol) [0x00BF20DB]
	(No symbol) [0x00BFC63B]
	BaseThreadInitThunk [0x75AF00C9+25]
	RtlGetAppContainerNamedObjectPath [0x77617B4E+286]
	RtlGetAppContainerNamedObjectPath [0x77617B1E+238]

	at org.openqa.selenium.remote.W3CHandshakeResponse.lambda$errorHandler$0(W3CHandshakeResponse.java:62)
	at org.openqa.selenium.remote.HandshakeResponse.lambda$getResponseFunction$0(HandshakeResponse.java:30)
	at org.openqa.selenium.remote.ProtocolHandshake.lambda$createSession$0(ProtocolHandshake.java:126)
	at java.base/java.util.stream.ReferencePipeline$3$1.accept(ReferencePipeline.java:197)
	at java.base/java.util.Spliterators$ArraySpliterator.tryAdvance(Spliterators.java:1002)
	at java.base/java.util.stream.ReferencePipeline.forEachWithCancel(ReferencePipeline.java:129)
	at java.base/java.util.stream.AbstractPipeline.copyIntoWithCancel(AbstractPipeline.java:527)
	at java.base/java.util.stream.AbstractPipeline.copyInto(AbstractPipeline.java:513)
	at java.base/java.util.stream.AbstractPipeline.wrapAndCopyInto(AbstractPipeline.java:499)
	at java.base/java.util.stream.FindOps$FindOp.evaluateSequential(FindOps.java:150)
	at java.base/java.util.stream.AbstractPipeline.evaluate(AbstractPipeline.java:234)
	at java.base/java.util.stream.ReferencePipeline.findFirst(ReferencePipeline.java:647)
	at org.openqa.selenium.remote.ProtocolHandshake.createSession(ProtocolHandshake.java:128)
	at org.openqa.selenium.remote.ProtocolHandshake.createSession(ProtocolHandshake.java:74)
	at org.openqa.selenium.remote.HttpCommandExecutor.execute(HttpCommandExecutor.java:136)
	at org.openqa.selenium.remote.service.DriverCommandExecutor.execute(DriverCommandExecutor.java:83)
	at org.openqa.selenium.remote.RemoteWebDriver.execute(RemoteWebDriver.java:552)
	at org.openqa.selenium.remote.RemoteWebDriver.startSession(RemoteWebDriver.java:213)
	at org.openqa.selenium.remote.RemoteWebDriver.&lt;init&gt;(RemoteWebDriver.java:131)
	at org.openqa.selenium.chrome.ChromeDriver.&lt;init&gt;(ChromeDriver.java:181)
	at org.openqa.selenium.chrome.ChromeDriver.&lt;init&gt;(ChromeDriver.java:168)
	at org.openqa.selenium.chrome.ChromeDriver.&lt;init&gt;(ChromeDriver.java:157)
	at browserSetup.Base.openChromeBrowser(Base.java:15)
	at testpackBewkoof.ToVerifyHomePage.beforeTest(ToVerifyHomePage.java:36)
... Removed 29 stack frames</div></td></tr></table><p class="totop"><a href="#summary">back to summary</a></p>
<h3 id="m22">testpackBewkoof.ToVerifyShirtSection#verifyTitleofShirtSectionPage</h3><table class="result"><tr><th>Exception</th></tr><tr><td><div class="stacktrace">org.openqa.selenium.SessionNotCreatedException: session not created: This version of ChromeDriver only supports Chrome version 111
Current browser version is 114.0.5735.134 with binary path C:\Program Files\Google\Chrome\Application\chrome.exe
Build info: version: &apos;3.141.59&apos;, revision: &apos;e82be7d358&apos;, time: &apos;2018-11-14T08:17:03&apos;
System info: host: &apos;PANKAJ&apos;, ip: &apos;192.168.43.89&apos;, os.name: &apos;Windows 10&apos;, os.arch: &apos;amd64&apos;, os.version: &apos;10.0&apos;, java.version: &apos;17.0.5&apos;
Driver info: driver.version: ChromeDriver
remote stacktrace: Backtrace:
	(No symbol) [0x00C4DCE3]
	(No symbol) [0x00BE39D1]
	(No symbol) [0x00AF4DA8]
	(No symbol) [0x00B14F6C]
	(No symbol) [0x00B10D11]
	(No symbol) [0x00B0ED19]
	(No symbol) [0x00B415AE]
	(No symbol) [0x00B4129C]
	(No symbol) [0x00B3ACC6]
	(No symbol) [0x00B16F68]
	(No symbol) [0x00B180CD]
	GetHandleVerifier [0x00EC3832+2506274]
	GetHandleVerifier [0x00EF9794+2727300]
	GetHandleVerifier [0x00EFE36C+2746716]
	GetHandleVerifier [0x00CF6690+617600]
	(No symbol) [0x00BEC712]
	(No symbol) [0x00BF1FF8]
	(No symbol) [0x00BF20DB]
	(No symbol) [0x00BFC63B]
	BaseThreadInitThunk [0x75AF00C9+25]
	RtlGetAppContainerNamedObjectPath [0x77617B4E+286]
	RtlGetAppContainerNamedObjectPath [0x77617B1E+238]

	at org.openqa.selenium.remote.W3CHandshakeResponse.lambda$errorHandler$0(W3CHandshakeResponse.java:62)
	at org.openqa.selenium.remote.HandshakeResponse.lambda$getResponseFunction$0(HandshakeResponse.java:30)
	at org.openqa.selenium.remote.ProtocolHandshake.lambda$createSession$0(ProtocolHandshake.java:126)
	at java.base/java.util.stream.ReferencePipeline$3$1.accept(ReferencePipeline.java:197)
	at java.base/java.util.Spliterators$ArraySpliterator.tryAdvance(Spliterators.java:1002)
	at java.base/java.util.stream.ReferencePipeline.forEachWithCancel(ReferencePipeline.java:129)
	at java.base/java.util.stream.AbstractPipeline.copyIntoWithCancel(AbstractPipeline.java:527)
	at java.base/java.util.stream.AbstractPipeline.copyInto(AbstractPipeline.java:513)
	at java.base/java.util.stream.AbstractPipeline.wrapAndCopyInto(AbstractPipeline.java:499)
	at java.base/java.util.stream.FindOps$FindOp.evaluateSequential(FindOps.java:150)
	at java.base/java.util.stream.AbstractPipeline.evaluate(AbstractPipeline.java:234)
	at java.base/java.util.stream.ReferencePipeline.findFirst(ReferencePipeline.java:647)
	at org.openqa.selenium.remote.ProtocolHandshake.createSession(ProtocolHandshake.java:128)
	at org.openqa.selenium.remote.ProtocolHandshake.createSession(ProtocolHandshake.java:74)
	at org.openqa.selenium.remote.HttpCommandExecutor.execute(HttpCommandExecutor.java:136)
	at org.openqa.selenium.remote.service.DriverCommandExecutor.execute(DriverCommandExecutor.java:83)
	at org.openqa.selenium.remote.RemoteWebDriver.execute(RemoteWebDriver.java:552)
	at org.openqa.selenium.remote.RemoteWebDriver.startSession(RemoteWebDriver.java:213)
	at org.openqa.selenium.remote.RemoteWebDriver.&lt;init&gt;(RemoteWebDriver.java:131)
	at org.openqa.selenium.chrome.ChromeDriver.&lt;init&gt;(ChromeDriver.java:181)
	at org.openqa.selenium.chrome.ChromeDriver.&lt;init&gt;(ChromeDriver.java:168)
	at org.openqa.selenium.chrome.ChromeDriver.&lt;init&gt;(ChromeDriver.java:157)
	at browserSetup.Base.openChromeBrowser(Base.java:15)
	at testpackBewkoof.ToVerifyHomePage.beforeTest(ToVerifyHomePage.java:36)
... Removed 29 stack frames</div></td></tr></table><p class="totop"><a href="#summary">back to summary</a></p>
<h2>FirefoxTest(failed)(failed)</h2><h3 id="m23">testpackBewkoof.ToVerifyShirtSection#afterMethod</h3><table class="result"><tr class="param"><th>Parameter #1</th></tr><tr class="param stripe"><td>[TestResult name=veriftShirtDetailsAfterClicking status=FAILURE method=ToVerifyShirtSection.veriftShirtDetailsAfterClicking()[pri:0, instance:testpackBewkoof.ToVerifyShirtSection@2b662a77] output={null}]</td></tr><tr><th>Exception</th></tr><tr><td><div class="stacktrace">org.openqa.selenium.WebDriverException: Failed to decode response from marionette
Build info: version: &apos;3.141.59&apos;, revision: &apos;e82be7d358&apos;, time: &apos;2018-11-14T08:17:03&apos;
System info: host: &apos;PANKAJ&apos;, ip: &apos;192.168.43.89&apos;, os.name: &apos;Windows 10&apos;, os.arch: &apos;amd64&apos;, os.version: &apos;10.0&apos;, java.version: &apos;17.0.5&apos;
Driver info: org.openqa.selenium.firefox.FirefoxDriver
Capabilities {acceptInsecureCerts: true, browserName: firefox, browserVersion: 114.0.1, javascriptEnabled: true, moz:accessibilityChecks: false, moz:buildID: 20230608214645, moz:geckodriverVersion: 0.32.2, moz:headless: false, moz:platformVersion: 10.0, moz:processID: 2920, moz:profile: C:\Users\hp\AppData\Local\T..., moz:shutdownTimeout: 60000, moz:useNonSpecCompliantPointerOrigin: false, moz:webdriverClick: true, moz:windowless: false, pageLoadStrategy: normal, platform: WINDOWS, platformName: WINDOWS, proxy: Proxy(), setWindowRect: true, strictFileInteractability: false, timeouts: {implicit: 0, pageLoad: 300000, script: 30000}, unhandledPromptBehavior: dismiss and notify}
Session ID: 5c33b6fa-e60d-4d53-999b-4b9b3a175a33
	at org.openqa.selenium.remote.http.W3CHttpResponseCodec.createException(W3CHttpResponseCodec.java:187)
	at org.openqa.selenium.remote.http.W3CHttpResponseCodec.decode(W3CHttpResponseCodec.java:122)
	at org.openqa.selenium.remote.http.W3CHttpResponseCodec.decode(W3CHttpResponseCodec.java:49)
	at org.openqa.selenium.remote.HttpCommandExecutor.execute(HttpCommandExecutor.java:158)
	at org.openqa.selenium.remote.service.DriverCommandExecutor.execute(DriverCommandExecutor.java:83)
	at org.openqa.selenium.remote.RemoteWebDriver.execute(RemoteWebDriver.java:552)
	at org.openqa.selenium.remote.RemoteWebDriver.execute(RemoteWebDriver.java:609)
	at org.openqa.selenium.remote.RemoteWebDriver.getScreenshotAs(RemoteWebDriver.java:295)
	at Utils.Utility.captureSceenshot(Utility.java:57)
	at testpackBewkoof.ToVerifyShirtSection.afterMethod(ToVerifyShirtSection.java:91)
	at java.base/java.util.concurrent.ThreadPoolExecutor.runWorker(ThreadPoolExecutor.java:1136)
	at java.base/java.util.concurrent.ThreadPoolExecutor$Worker.run(ThreadPoolExecutor.java:635)
	at java.base/java.lang.Thread.run(Thread.java:833)
... Removed 22 stack frames</div></td></tr></table><p class="totop"><a href="#summary">back to summary</a></p>
<h3 id="m24">testpackBewkoof.ToVerifyShirtSection#veriftShirtDetailsAfterClicking</h3><table class="result"><tr><th>Exception</th></tr><tr><td><div class="stacktrace">org.openqa.selenium.NoSuchWindowException: Browsing context has been discarded
Build info: version: &apos;3.141.59&apos;, revision: &apos;e82be7d358&apos;, time: &apos;2018-11-14T08:17:03&apos;
System info: host: &apos;PANKAJ&apos;, ip: &apos;192.168.43.89&apos;, os.name: &apos;Windows 10&apos;, os.arch: &apos;amd64&apos;, os.version: &apos;10.0&apos;, java.version: &apos;17.0.5&apos;
Driver info: org.openqa.selenium.firefox.FirefoxDriver
Capabilities {acceptInsecureCerts: true, browserName: firefox, browserVersion: 114.0.1, javascriptEnabled: true, moz:accessibilityChecks: false, moz:buildID: 20230608214645, moz:geckodriverVersion: 0.32.2, moz:headless: false, moz:platformVersion: 10.0, moz:processID: 2920, moz:profile: C:\Users\hp\AppData\Local\T..., moz:shutdownTimeout: 60000, moz:useNonSpecCompliantPointerOrigin: false, moz:webdriverClick: true, moz:windowless: false, pageLoadStrategy: normal, platform: WINDOWS, platformName: WINDOWS, proxy: Proxy(), setWindowRect: true, strictFileInteractability: false, timeouts: {implicit: 0, pageLoad: 300000, script: 30000}, unhandledPromptBehavior: dismiss and notify}
Session ID: 5c33b6fa-e60d-4d53-999b-4b9b3a175a33
*** Element info: {Using=xpath, value=(//div//img)[22]}
	at org.openqa.selenium.remote.http.W3CHttpResponseCodec.createException(W3CHttpResponseCodec.java:187)
	at org.openqa.selenium.remote.http.W3CHttpResponseCodec.decode(W3CHttpResponseCodec.java:122)
	at org.openqa.selenium.remote.http.W3CHttpResponseCodec.decode(W3CHttpResponseCodec.java:49)
	at org.openqa.selenium.remote.HttpCommandExecutor.execute(HttpCommandExecutor.java:158)
	at org.openqa.selenium.remote.service.DriverCommandExecutor.execute(DriverCommandExecutor.java:83)
	at org.openqa.selenium.remote.RemoteWebDriver.execute(RemoteWebDriver.java:552)
	at org.openqa.selenium.remote.RemoteWebDriver.findElement(RemoteWebDriver.java:323)
	at org.openqa.selenium.remote.RemoteWebDriver.findElementByXPath(RemoteWebDriver.java:428)
	at org.openqa.selenium.By$ByXPath.findElement(By.java:353)
	at org.openqa.selenium.remote.RemoteWebDriver.findElement(RemoteWebDriver.java:315)
	at org.openqa.selenium.support.pagefactory.DefaultElementLocator.findElement(DefaultElementLocator.java:69)
	at org.openqa.selenium.support.pagefactory.internal.LocatingElementHandler.invoke(LocatingElementHandler.java:38)
	at jdk.proxy2/jdk.proxy2.$Proxy17.click(Unknown Source)
	at pages.Shirtsection.clickOnShirt(Shirtsection.java:23)
	at testpackBewkoof.ToVerifyShirtSection.veriftShirtDetailsAfterClicking(ToVerifyShirtSection.java:70)
	at java.base/java.util.concurrent.ThreadPoolExecutor.runWorker(ThreadPoolExecutor.java:1136)
	at java.base/java.util.concurrent.ThreadPoolExecutor$Worker.run(ThreadPoolExecutor.java:635)
	at java.base/java.lang.Thread.run(Thread.java:833)
... Removed 17 stack frames</div></td></tr></table><p class="totop"><a href="#summary">back to summary</a></p>
<h3 id="m25">testpackBewkoof.ToVerifyShirtSection#afterTest</h3><table class="result"><tr><th class="invisible"/></tr></table><p class="totop"><a href="#summary">back to summary</a></p>
<h3 id="m26">testpackBewkoof.ToVerifyShirtSection#clearObject</h3><table class="result"><tr><th class="invisible"/></tr></table><p class="totop"><a href="#summary">back to summary</a></p>
</body>
</html>
