<?xml version="1.0" encoding="UTF-8"?>
<testng-results ignored="2" total="8" passed="0" failed="1" skipped="5">
  <reporter-output>
  </reporter-output>
  <suite started-at="2023-06-07T09:12:55 IST" name="Failed suite [HighPrioritySuite]" finished-at="2023-06-07T09:13:09 IST" duration-ms="14251">
    <groups>
    </groups>
    <test started-at="2023-06-07T09:12:55 IST" name="ChromeTest(failed)" finished-at="2023-06-07T09:12:56 IST" duration-ms="1941">
      <class name="testpackBewkoof.ToVerifyShirtSection">
        <test-method is-config="true" signature="beforeTest(java.lang.String)[pri:0, instance:testpackBewkoof.ToVerifyShirtSection@1a451d4d]" started-at="2023-06-07T09:12:56 IST" name="beforeTest" finished-at="1970-01-01T05:30:00 IST" duration-ms="-1686109376812" status="SKIP">
          <reporter-output>
          </reporter-output>
        </test-method> <!-- beforeTest -->
        <test-method is-config="true" signature="launchBrowser()[pri:0, instance:testpackBewkoof.ToVerifyShirtSection@1a451d4d]" started-at="2023-06-07T09:12:56 IST" name="launchBrowser" finished-at="1970-01-01T05:30:00 IST" duration-ms="-1686109376862" status="SKIP">
          <reporter-output>
          </reporter-output>
        </test-method> <!-- launchBrowser -->
        <test-method is-config="true" signature="openApplication()[pri:0, instance:testpackBewkoof.ToVerifyShirtSection@1a451d4d]" started-at="2023-06-07T09:12:56 IST" name="openApplication" finished-at="1970-01-01T05:30:00 IST" duration-ms="-1686109376882" status="SKIP">
          <reporter-output>
          </reporter-output>
        </test-method> <!-- openApplication -->
        <test-method signature="veriftShirtDetailsAfterClicking()[pri:0, instance:testpackBewkoof.ToVerifyShirtSection@1a451d4d]" started-at="2023-06-07T09:12:56 IST" name="veriftShirtDetailsAfterClicking" finished-at="2023-06-07T09:12:56 IST" duration-ms="0" status="SKIP">
          <exception class="org.openqa.selenium.SessionNotCreatedException">
            <message>
              <![CDATA[session not created: This version of ChromeDriver only supports Chrome version 111
Current browser version is 114.0.5735.110 with binary path C:\Program Files\Google\Chrome\Application\chrome.exe
Build info: version: '3.141.59', revision: 'e82be7d358', time: '2018-11-14T08:17:03'
System info: host: 'PANKAJ', ip: '192.168.43.89', os.name: 'Windows 10', os.arch: 'amd64', os.version: '10.0', java.version: '17.0.5'
Driver info: driver.version: ChromeDriver
remote stacktrace: Backtrace:
(No symbol) [0x0117DCE3]
(No symbol) [0x011139D1]
(No symbol) [0x01024DA8]
(No symbol) [0x01044F6C]
(No symbol) [0x01040D11]
(No symbol) [0x0103ED19]
(No symbol) [0x010715AE]
(No symbol) [0x0107129C]
(No symbol) [0x0106ACC6]
(No symbol) [0x01046F68]
(No symbol) [0x010480CD]
GetHandleVerifier [0x013F3832+2506274]
GetHandleVerifier [0x01429794+2727300]
GetHandleVerifier [0x0142E36C+2746716]
GetHandleVerifier [0x01226690+617600]
(No symbol) [0x0111C712]
(No symbol) [0x01121FF8]
(No symbol) [0x011220DB]
(No symbol) [0x0112C63B]
BaseThreadInitThunk [0x75BF00C9+25]
RtlGetAppContainerNamedObjectPath [0x77967B4E+286]
RtlGetAppContainerNamedObjectPath [0x77967B1E+238]
]]>
            </message>
            <full-stacktrace>
              <![CDATA[org.openqa.selenium.SessionNotCreatedException: session not created: This version of ChromeDriver only supports Chrome version 111
Current browser version is 114.0.5735.110 with binary path C:\Program Files\Google\Chrome\Application\chrome.exe
Build info: version: '3.141.59', revision: 'e82be7d358', time: '2018-11-14T08:17:03'
System info: host: 'PANKAJ', ip: '192.168.43.89', os.name: 'Windows 10', os.arch: 'amd64', os.version: '10.0', java.version: '17.0.5'
Driver info: driver.version: ChromeDriver
remote stacktrace: Backtrace:
(No symbol) [0x0117DCE3]
(No symbol) [0x011139D1]
(No symbol) [0x01024DA8]
(No symbol) [0x01044F6C]
(No symbol) [0x01040D11]
(No symbol) [0x0103ED19]
(No symbol) [0x010715AE]
(No symbol) [0x0107129C]
(No symbol) [0x0106ACC6]
(No symbol) [0x01046F68]
(No symbol) [0x010480CD]
GetHandleVerifier [0x013F3832+2506274]
GetHandleVerifier [0x01429794+2727300]
GetHandleVerifier [0x0142E36C+2746716]
GetHandleVerifier [0x01226690+617600]
(No symbol) [0x0111C712]
(No symbol) [0x01121FF8]
(No symbol) [0x011220DB]
(No symbol) [0x0112C63B]
BaseThreadInitThunk [0x75BF00C9+25]
RtlGetAppContainerNamedObjectPath [0x77967B4E+286]
RtlGetAppContainerNamedObjectPath [0x77967B1E+238]

at java.base/jdk.internal.reflect.NativeConstructorAccessorImpl.newInstance0(Native Method)
at java.base/jdk.internal.reflect.NativeConstructorAccessorImpl.newInstance(NativeConstructorAccessorImpl.java:77)
at java.base/jdk.internal.reflect.DelegatingConstructorAccessorImpl.newInstance(DelegatingConstructorAccessorImpl.java:45)
at java.base/java.lang.reflect.Constructor.newInstanceWithCaller(Constructor.java:499)
at java.base/java.lang.reflect.Constructor.newInstance(Constructor.java:480)
at org.openqa.selenium.remote.W3CHandshakeResponse.lambda$errorHandler$0(W3CHandshakeResponse.java:62)
at org.openqa.selenium.remote.HandshakeResponse.lambda$getResponseFunction$0(HandshakeResponse.java:30)
at org.openqa.selenium.remote.ProtocolHandshake.lambda$createSession$0(ProtocolHandshake.java:126)
at java.base/java.util.stream.ReferencePipeline$3$1.accept(ReferencePipeline.java:197)
at java.base/java.util.Spliterators$ArraySpliterator.tryAdvance(Spliterators.java:1002)
at java.base/java.util.stream.ReferencePipeline.forEachWithCancel(ReferencePipeline.java:129)
at java.base/java.util.stream.AbstractPipeline.copyIntoWithCancel(AbstractPipeline.java:527)
at java.base/java.util.stream.AbstractPipeline.copyInto(AbstractPipeline.java:513)
at java.base/java.util.stream.AbstractPipeline.wrapAndCopyInto(AbstractPipeline.java:499)
at java.base/java.util.stream.FindOps$FindOp.evaluateSequential(FindOps.java:150)
at java.base/java.util.stream.AbstractPipeline.evaluate(AbstractPipeline.java:234)
at java.base/java.util.stream.ReferencePipeline.findFirst(ReferencePipeline.java:647)
at org.openqa.selenium.remote.ProtocolHandshake.createSession(ProtocolHandshake.java:128)
at org.openqa.selenium.remote.ProtocolHandshake.createSession(ProtocolHandshake.java:74)
at org.openqa.selenium.remote.HttpCommandExecutor.execute(HttpCommandExecutor.java:136)
at org.openqa.selenium.remote.service.DriverCommandExecutor.execute(DriverCommandExecutor.java:83)
at org.openqa.selenium.remote.RemoteWebDriver.execute(RemoteWebDriver.java:552)
at org.openqa.selenium.remote.RemoteWebDriver.startSession(RemoteWebDriver.java:213)
at org.openqa.selenium.remote.RemoteWebDriver.<init>(RemoteWebDriver.java:131)
at org.openqa.selenium.chrome.ChromeDriver.<init>(ChromeDriver.java:181)
at org.openqa.selenium.chrome.ChromeDriver.<init>(ChromeDriver.java:168)
at org.openqa.selenium.chrome.ChromeDriver.<init>(ChromeDriver.java:157)
at browserSetup.Base.openChromeBrowser(Base.java:15)
at testpackBewkoof.ToVerifyHomePage.beforeTest(ToVerifyHomePage.java:36)
at java.base/jdk.internal.reflect.NativeMethodAccessorImpl.invoke0(Native Method)
at java.base/jdk.internal.reflect.NativeMethodAccessorImpl.invoke(NativeMethodAccessorImpl.java:77)
at java.base/jdk.internal.reflect.DelegatingMethodAccessorImpl.invoke(DelegatingMethodAccessorImpl.java:43)
at java.base/java.lang.reflect.Method.invoke(Method.java:568)
at org.testng.internal.MethodInvocationHelper.invokeMethod(MethodInvocationHelper.java:133)
at org.testng.internal.MethodInvocationHelper.invokeMethodConsideringTimeout(MethodInvocationHelper.java:62)
at org.testng.internal.ConfigInvoker.invokeConfigurationMethod(ConfigInvoker.java:385)
at org.testng.internal.ConfigInvoker.invokeConfigurations(ConfigInvoker.java:321)
at org.testng.TestRunner.invokeTestConfigurations(TestRunner.java:637)
at org.testng.TestRunner.beforeRun(TestRunner.java:627)
at org.testng.TestRunner.run(TestRunner.java:589)
at org.testng.SuiteRunner.runTest(SuiteRunner.java:377)
at org.testng.SuiteRunner.runSequentially(SuiteRunner.java:371)
at org.testng.SuiteRunner.privateRun(SuiteRunner.java:332)
at org.testng.SuiteRunner.run(SuiteRunner.java:276)
at org.testng.SuiteRunnerWorker.runSuite(SuiteRunnerWorker.java:53)
at org.testng.SuiteRunnerWorker.run(SuiteRunnerWorker.java:96)
at org.testng.TestNG.runSuitesSequentially(TestNG.java:1212)
at org.testng.TestNG.runSuitesLocally(TestNG.java:1134)
at org.testng.TestNG.runSuites(TestNG.java:1063)
at org.testng.TestNG.run(TestNG.java:1031)
at org.testng.remote.AbstractRemoteTestNG.run(AbstractRemoteTestNG.java:115)
at org.testng.remote.RemoteTestNG.initAndRun(RemoteTestNG.java:251)
at org.testng.remote.RemoteTestNG.main(RemoteTestNG.java:77)
]]>
            </full-stacktrace>
          </exception> <!-- org.openqa.selenium.SessionNotCreatedException -->
          <reporter-output>
          </reporter-output>
        </test-method> <!-- veriftShirtDetailsAfterClicking -->
        <test-method is-config="true" signature="afterMethod(org.testng.ITestResult)[pri:0, instance:testpackBewkoof.ToVerifyShirtSection@1a451d4d]" started-at="2023-06-07T09:12:56 IST" name="afterMethod" finished-at="1970-01-01T05:30:00 IST" duration-ms="-1686109376914" status="SKIP">
          <reporter-output>
          </reporter-output>
        </test-method> <!-- afterMethod -->
        <test-method is-config="true" signature="openApplication()[pri:0, instance:testpackBewkoof.ToVerifyShirtSection@1a451d4d]" started-at="2023-06-07T09:12:56 IST" name="openApplication" finished-at="1970-01-01T05:30:00 IST" duration-ms="-1686109376935" status="SKIP">
          <reporter-output>
          </reporter-output>
        </test-method> <!-- openApplication -->
        <test-method signature="verifyTitleofShirtSectionPage()[pri:0, instance:testpackBewkoof.ToVerifyShirtSection@1a451d4d]" started-at="2023-06-07T09:12:56 IST" name="verifyTitleofShirtSectionPage" finished-at="2023-06-07T09:12:56 IST" duration-ms="0" status="SKIP">
          <exception class="org.openqa.selenium.SessionNotCreatedException">
            <message>
              <![CDATA[session not created: This version of ChromeDriver only supports Chrome version 111
Current browser version is 114.0.5735.110 with binary path C:\Program Files\Google\Chrome\Application\chrome.exe
Build info: version: '3.141.59', revision: 'e82be7d358', time: '2018-11-14T08:17:03'
System info: host: 'PANKAJ', ip: '192.168.43.89', os.name: 'Windows 10', os.arch: 'amd64', os.version: '10.0', java.version: '17.0.5'
Driver info: driver.version: ChromeDriver
remote stacktrace: Backtrace:
(No symbol) [0x0117DCE3]
(No symbol) [0x011139D1]
(No symbol) [0x01024DA8]
(No symbol) [0x01044F6C]
(No symbol) [0x01040D11]
(No symbol) [0x0103ED19]
(No symbol) [0x010715AE]
(No symbol) [0x0107129C]
(No symbol) [0x0106ACC6]
(No symbol) [0x01046F68]
(No symbol) [0x010480CD]
GetHandleVerifier [0x013F3832+2506274]
GetHandleVerifier [0x01429794+2727300]
GetHandleVerifier [0x0142E36C+2746716]
GetHandleVerifier [0x01226690+617600]
(No symbol) [0x0111C712]
(No symbol) [0x01121FF8]
(No symbol) [0x011220DB]
(No symbol) [0x0112C63B]
BaseThreadInitThunk [0x75BF00C9+25]
RtlGetAppContainerNamedObjectPath [0x77967B4E+286]
RtlGetAppContainerNamedObjectPath [0x77967B1E+238]
]]>
            </message>
            <full-stacktrace>
              <![CDATA[org.openqa.selenium.SessionNotCreatedException: session not created: This version of ChromeDriver only supports Chrome version 111
Current browser version is 114.0.5735.110 with binary path C:\Program Files\Google\Chrome\Application\chrome.exe
Build info: version: '3.141.59', revision: 'e82be7d358', time: '2018-11-14T08:17:03'
System info: host: 'PANKAJ', ip: '192.168.43.89', os.name: 'Windows 10', os.arch: 'amd64', os.version: '10.0', java.version: '17.0.5'
Driver info: driver.version: ChromeDriver
remote stacktrace: Backtrace:
(No symbol) [0x0117DCE3]
(No symbol) [0x011139D1]
(No symbol) [0x01024DA8]
(No symbol) [0x01044F6C]
(No symbol) [0x01040D11]
(No symbol) [0x0103ED19]
(No symbol) [0x010715AE]
(No symbol) [0x0107129C]
(No symbol) [0x0106ACC6]
(No symbol) [0x01046F68]
(No symbol) [0x010480CD]
GetHandleVerifier [0x013F3832+2506274]
GetHandleVerifier [0x01429794+2727300]
GetHandleVerifier [0x0142E36C+2746716]
GetHandleVerifier [0x01226690+617600]
(No symbol) [0x0111C712]
(No symbol) [0x01121FF8]
(No symbol) [0x011220DB]
(No symbol) [0x0112C63B]
BaseThreadInitThunk [0x75BF00C9+25]
RtlGetAppContainerNamedObjectPath [0x77967B4E+286]
RtlGetAppContainerNamedObjectPath [0x77967B1E+238]

at java.base/jdk.internal.reflect.NativeConstructorAccessorImpl.newInstance0(Native Method)
at java.base/jdk.internal.reflect.NativeConstructorAccessorImpl.newInstance(NativeConstructorAccessorImpl.java:77)
at java.base/jdk.internal.reflect.DelegatingConstructorAccessorImpl.newInstance(DelegatingConstructorAccessorImpl.java:45)
at java.base/java.lang.reflect.Constructor.newInstanceWithCaller(Constructor.java:499)
at java.base/java.lang.reflect.Constructor.newInstance(Constructor.java:480)
at org.openqa.selenium.remote.W3CHandshakeResponse.lambda$errorHandler$0(W3CHandshakeResponse.java:62)
at org.openqa.selenium.remote.HandshakeResponse.lambda$getResponseFunction$0(HandshakeResponse.java:30)
at org.openqa.selenium.remote.ProtocolHandshake.lambda$createSession$0(ProtocolHandshake.java:126)
at java.base/java.util.stream.ReferencePipeline$3$1.accept(ReferencePipeline.java:197)
at java.base/java.util.Spliterators$ArraySpliterator.tryAdvance(Spliterators.java:1002)
at java.base/java.util.stream.ReferencePipeline.forEachWithCancel(ReferencePipeline.java:129)
at java.base/java.util.stream.AbstractPipeline.copyIntoWithCancel(AbstractPipeline.java:527)
at java.base/java.util.stream.AbstractPipeline.copyInto(AbstractPipeline.java:513)
at java.base/java.util.stream.AbstractPipeline.wrapAndCopyInto(AbstractPipeline.java:499)
at java.base/java.util.stream.FindOps$FindOp.evaluateSequential(FindOps.java:150)
at java.base/java.util.stream.AbstractPipeline.evaluate(AbstractPipeline.java:234)
at java.base/java.util.stream.ReferencePipeline.findFirst(ReferencePipeline.java:647)
at org.openqa.selenium.remote.ProtocolHandshake.createSession(ProtocolHandshake.java:128)
at org.openqa.selenium.remote.ProtocolHandshake.createSession(ProtocolHandshake.java:74)
at org.openqa.selenium.remote.HttpCommandExecutor.execute(HttpCommandExecutor.java:136)
at org.openqa.selenium.remote.service.DriverCommandExecutor.execute(DriverCommandExecutor.java:83)
at org.openqa.selenium.remote.RemoteWebDriver.execute(RemoteWebDriver.java:552)
at org.openqa.selenium.remote.RemoteWebDriver.startSession(RemoteWebDriver.java:213)
at org.openqa.selenium.remote.RemoteWebDriver.<init>(RemoteWebDriver.java:131)
at org.openqa.selenium.chrome.ChromeDriver.<init>(ChromeDriver.java:181)
at org.openqa.selenium.chrome.ChromeDriver.<init>(ChromeDriver.java:168)
at org.openqa.selenium.chrome.ChromeDriver.<init>(ChromeDriver.java:157)
at browserSetup.Base.openChromeBrowser(Base.java:15)
at testpackBewkoof.ToVerifyHomePage.beforeTest(ToVerifyHomePage.java:36)
at java.base/jdk.internal.reflect.NativeMethodAccessorImpl.invoke0(Native Method)
at java.base/jdk.internal.reflect.NativeMethodAccessorImpl.invoke(NativeMethodAccessorImpl.java:77)
at java.base/jdk.internal.reflect.DelegatingMethodAccessorImpl.invoke(DelegatingMethodAccessorImpl.java:43)
at java.base/java.lang.reflect.Method.invoke(Method.java:568)
at org.testng.internal.MethodInvocationHelper.invokeMethod(MethodInvocationHelper.java:133)
at org.testng.internal.MethodInvocationHelper.invokeMethodConsideringTimeout(MethodInvocationHelper.java:62)
at org.testng.internal.ConfigInvoker.invokeConfigurationMethod(ConfigInvoker.java:385)
at org.testng.internal.ConfigInvoker.invokeConfigurations(ConfigInvoker.java:321)
at org.testng.TestRunner.invokeTestConfigurations(TestRunner.java:637)
at org.testng.TestRunner.beforeRun(TestRunner.java:627)
at org.testng.TestRunner.run(TestRunner.java:589)
at org.testng.SuiteRunner.runTest(SuiteRunner.java:377)
at org.testng.SuiteRunner.runSequentially(SuiteRunner.java:371)
at org.testng.SuiteRunner.privateRun(SuiteRunner.java:332)
at org.testng.SuiteRunner.run(SuiteRunner.java:276)
at org.testng.SuiteRunnerWorker.runSuite(SuiteRunnerWorker.java:53)
at org.testng.SuiteRunnerWorker.run(SuiteRunnerWorker.java:96)
at org.testng.TestNG.runSuitesSequentially(TestNG.java:1212)
at org.testng.TestNG.runSuitesLocally(TestNG.java:1134)
at org.testng.TestNG.runSuites(TestNG.java:1063)
at org.testng.TestNG.run(TestNG.java:1031)
at org.testng.remote.AbstractRemoteTestNG.run(AbstractRemoteTestNG.java:115)
at org.testng.remote.RemoteTestNG.initAndRun(RemoteTestNG.java:251)
at org.testng.remote.RemoteTestNG.main(RemoteTestNG.java:77)
]]>
            </full-stacktrace>
          </exception> <!-- org.openqa.selenium.SessionNotCreatedException -->
          <reporter-output>
          </reporter-output>
        </test-method> <!-- verifyTitleofShirtSectionPage -->
        <test-method is-config="true" signature="afterMethod(org.testng.ITestResult)[pri:0, instance:testpackBewkoof.ToVerifyShirtSection@1a451d4d]" started-at="2023-06-07T09:12:56 IST" name="afterMethod" finished-at="1970-01-01T05:30:00 IST" duration-ms="-1686109376973" status="SKIP">
          <reporter-output>
          </reporter-output>
        </test-method> <!-- afterMethod -->
        <test-method is-config="true" signature="clearObject()[pri:0, instance:testpackBewkoof.ToVerifyShirtSection@1a451d4d]" started-at="2023-06-07T09:12:56 IST" name="clearObject" finished-at="1970-01-01T05:30:00 IST" duration-ms="-1686109376975" status="SKIP">
          <reporter-output>
          </reporter-output>
        </test-method> <!-- clearObject -->
        <test-method is-config="true" signature="afterTest()[pri:0, instance:testpackBewkoof.ToVerifyShirtSection@1a451d4d]" started-at="2023-06-07T09:12:56 IST" name="afterTest" finished-at="1970-01-01T05:30:00 IST" duration-ms="-1686109376988" status="SKIP">
          <reporter-output>
          </reporter-output>
        </test-method> <!-- afterTest -->
      </class> <!-- testpackBewkoof.ToVerifyShirtSection -->
      <class name="testpackBewkoof.ToVerifyHomePage">
        <test-method is-config="true" signature="beforeTest(java.lang.String)[pri:0, instance:testpackBewkoof.ToVerifyHomePage@71809907]" started-at="2023-06-07T09:12:55 IST" name="beforeTest" finished-at="2023-06-07T09:12:56 IST" duration-ms="1737" status="FAIL">
          <params>
            <param index="0">
              <value>
                <![CDATA[Chrome]]>
              </value>
            </param>
          </params>
          <exception class="org.openqa.selenium.SessionNotCreatedException">
            <message>
              <![CDATA[session not created: This version of ChromeDriver only supports Chrome version 111
Current browser version is 114.0.5735.110 with binary path C:\Program Files\Google\Chrome\Application\chrome.exe
Build info: version: '3.141.59', revision: 'e82be7d358', time: '2018-11-14T08:17:03'
System info: host: 'PANKAJ', ip: '192.168.43.89', os.name: 'Windows 10', os.arch: 'amd64', os.version: '10.0', java.version: '17.0.5'
Driver info: driver.version: ChromeDriver
remote stacktrace: Backtrace:
(No symbol) [0x0117DCE3]
(No symbol) [0x011139D1]
(No symbol) [0x01024DA8]
(No symbol) [0x01044F6C]
(No symbol) [0x01040D11]
(No symbol) [0x0103ED19]
(No symbol) [0x010715AE]
(No symbol) [0x0107129C]
(No symbol) [0x0106ACC6]
(No symbol) [0x01046F68]
(No symbol) [0x010480CD]
GetHandleVerifier [0x013F3832+2506274]
GetHandleVerifier [0x01429794+2727300]
GetHandleVerifier [0x0142E36C+2746716]
GetHandleVerifier [0x01226690+617600]
(No symbol) [0x0111C712]
(No symbol) [0x01121FF8]
(No symbol) [0x011220DB]
(No symbol) [0x0112C63B]
BaseThreadInitThunk [0x75BF00C9+25]
RtlGetAppContainerNamedObjectPath [0x77967B4E+286]
RtlGetAppContainerNamedObjectPath [0x77967B1E+238]
]]>
            </message>
            <full-stacktrace>
              <![CDATA[org.openqa.selenium.SessionNotCreatedException: session not created: This version of ChromeDriver only supports Chrome version 111
Current browser version is 114.0.5735.110 with binary path C:\Program Files\Google\Chrome\Application\chrome.exe
Build info: version: '3.141.59', revision: 'e82be7d358', time: '2018-11-14T08:17:03'
System info: host: 'PANKAJ', ip: '192.168.43.89', os.name: 'Windows 10', os.arch: 'amd64', os.version: '10.0', java.version: '17.0.5'
Driver info: driver.version: ChromeDriver
remote stacktrace: Backtrace:
(No symbol) [0x0117DCE3]
(No symbol) [0x011139D1]
(No symbol) [0x01024DA8]
(No symbol) [0x01044F6C]
(No symbol) [0x01040D11]
(No symbol) [0x0103ED19]
(No symbol) [0x010715AE]
(No symbol) [0x0107129C]
(No symbol) [0x0106ACC6]
(No symbol) [0x01046F68]
(No symbol) [0x010480CD]
GetHandleVerifier [0x013F3832+2506274]
GetHandleVerifier [0x01429794+2727300]
GetHandleVerifier [0x0142E36C+2746716]
GetHandleVerifier [0x01226690+617600]
(No symbol) [0x0111C712]
(No symbol) [0x01121FF8]
(No symbol) [0x011220DB]
(No symbol) [0x0112C63B]
BaseThreadInitThunk [0x75BF00C9+25]
RtlGetAppContainerNamedObjectPath [0x77967B4E+286]
RtlGetAppContainerNamedObjectPath [0x77967B1E+238]

at java.base/jdk.internal.reflect.NativeConstructorAccessorImpl.newInstance0(Native Method)
at java.base/jdk.internal.reflect.NativeConstructorAccessorImpl.newInstance(NativeConstructorAccessorImpl.java:77)
at java.base/jdk.internal.reflect.DelegatingConstructorAccessorImpl.newInstance(DelegatingConstructorAccessorImpl.java:45)
at java.base/java.lang.reflect.Constructor.newInstanceWithCaller(Constructor.java:499)
at java.base/java.lang.reflect.Constructor.newInstance(Constructor.java:480)
at org.openqa.selenium.remote.W3CHandshakeResponse.lambda$errorHandler$0(W3CHandshakeResponse.java:62)
at org.openqa.selenium.remote.HandshakeResponse.lambda$getResponseFunction$0(HandshakeResponse.java:30)
at org.openqa.selenium.remote.ProtocolHandshake.lambda$createSession$0(ProtocolHandshake.java:126)
at java.base/java.util.stream.ReferencePipeline$3$1.accept(ReferencePipeline.java:197)
at java.base/java.util.Spliterators$ArraySpliterator.tryAdvance(Spliterators.java:1002)
at java.base/java.util.stream.ReferencePipeline.forEachWithCancel(ReferencePipeline.java:129)
at java.base/java.util.stream.AbstractPipeline.copyIntoWithCancel(AbstractPipeline.java:527)
at java.base/java.util.stream.AbstractPipeline.copyInto(AbstractPipeline.java:513)
at java.base/java.util.stream.AbstractPipeline.wrapAndCopyInto(AbstractPipeline.java:499)
at java.base/java.util.stream.FindOps$FindOp.evaluateSequential(FindOps.java:150)
at java.base/java.util.stream.AbstractPipeline.evaluate(AbstractPipeline.java:234)
at java.base/java.util.stream.ReferencePipeline.findFirst(ReferencePipeline.java:647)
at org.openqa.selenium.remote.ProtocolHandshake.createSession(ProtocolHandshake.java:128)
at org.openqa.selenium.remote.ProtocolHandshake.createSession(ProtocolHandshake.java:74)
at org.openqa.selenium.remote.HttpCommandExecutor.execute(HttpCommandExecutor.java:136)
at org.openqa.selenium.remote.service.DriverCommandExecutor.execute(DriverCommandExecutor.java:83)
at org.openqa.selenium.remote.RemoteWebDriver.execute(RemoteWebDriver.java:552)
at org.openqa.selenium.remote.RemoteWebDriver.startSession(RemoteWebDriver.java:213)
at org.openqa.selenium.remote.RemoteWebDriver.<init>(RemoteWebDriver.java:131)
at org.openqa.selenium.chrome.ChromeDriver.<init>(ChromeDriver.java:181)
at org.openqa.selenium.chrome.ChromeDriver.<init>(ChromeDriver.java:168)
at org.openqa.selenium.chrome.ChromeDriver.<init>(ChromeDriver.java:157)
at browserSetup.Base.openChromeBrowser(Base.java:15)
at testpackBewkoof.ToVerifyHomePage.beforeTest(ToVerifyHomePage.java:36)
at java.base/jdk.internal.reflect.NativeMethodAccessorImpl.invoke0(Native Method)
at java.base/jdk.internal.reflect.NativeMethodAccessorImpl.invoke(NativeMethodAccessorImpl.java:77)
at java.base/jdk.internal.reflect.DelegatingMethodAccessorImpl.invoke(DelegatingMethodAccessorImpl.java:43)
at java.base/java.lang.reflect.Method.invoke(Method.java:568)
at org.testng.internal.MethodInvocationHelper.invokeMethod(MethodInvocationHelper.java:133)
at org.testng.internal.MethodInvocationHelper.invokeMethodConsideringTimeout(MethodInvocationHelper.java:62)
at org.testng.internal.ConfigInvoker.invokeConfigurationMethod(ConfigInvoker.java:385)
at org.testng.internal.ConfigInvoker.invokeConfigurations(ConfigInvoker.java:321)
at org.testng.TestRunner.invokeTestConfigurations(TestRunner.java:637)
at org.testng.TestRunner.beforeRun(TestRunner.java:627)
at org.testng.TestRunner.run(TestRunner.java:589)
at org.testng.SuiteRunner.runTest(SuiteRunner.java:377)
at org.testng.SuiteRunner.runSequentially(SuiteRunner.java:371)
at org.testng.SuiteRunner.privateRun(SuiteRunner.java:332)
at org.testng.SuiteRunner.run(SuiteRunner.java:276)
at org.testng.SuiteRunnerWorker.runSuite(SuiteRunnerWorker.java:53)
at org.testng.SuiteRunnerWorker.run(SuiteRunnerWorker.java:96)
at org.testng.TestNG.runSuitesSequentially(TestNG.java:1212)
at org.testng.TestNG.runSuitesLocally(TestNG.java:1134)
at org.testng.TestNG.runSuites(TestNG.java:1063)
at org.testng.TestNG.run(TestNG.java:1031)
at org.testng.remote.AbstractRemoteTestNG.run(AbstractRemoteTestNG.java:115)
at org.testng.remote.RemoteTestNG.initAndRun(RemoteTestNG.java:251)
at org.testng.remote.RemoteTestNG.main(RemoteTestNG.java:77)
]]>
            </full-stacktrace>
          </exception> <!-- org.openqa.selenium.SessionNotCreatedException -->
          <reporter-output>
          </reporter-output>
        </test-method> <!-- beforeTest -->
        <test-method is-config="true" signature="launchBrowser()[pri:0, instance:testpackBewkoof.ToVerifyHomePage@71809907]" started-at="2023-06-07T09:12:56 IST" name="launchBrowser" finished-at="1970-01-01T05:30:00 IST" duration-ms="-1686109376880" status="SKIP">
          <reporter-output>
          </reporter-output>
        </test-method> <!-- launchBrowser -->
        <test-method is-config="true" signature="openApplication()[pri:0, instance:testpackBewkoof.ToVerifyHomePage@71809907]" started-at="2023-06-07T09:12:56 IST" name="openApplication" finished-at="1970-01-01T05:30:00 IST" duration-ms="-1686109376884" status="SKIP">
          <reporter-output>
          </reporter-output>
        </test-method> <!-- openApplication -->
        <test-method signature="verifyMenSectionafterClickingMenTab()[pri:0, instance:testpackBewkoof.ToVerifyHomePage@71809907]" started-at="2023-06-07T09:12:56 IST" name="verifyMenSectionafterClickingMenTab" finished-at="2023-06-07T09:12:56 IST" duration-ms="0" status="SKIP">
          <exception class="org.openqa.selenium.SessionNotCreatedException">
            <message>
              <![CDATA[session not created: This version of ChromeDriver only supports Chrome version 111
Current browser version is 114.0.5735.110 with binary path C:\Program Files\Google\Chrome\Application\chrome.exe
Build info: version: '3.141.59', revision: 'e82be7d358', time: '2018-11-14T08:17:03'
System info: host: 'PANKAJ', ip: '192.168.43.89', os.name: 'Windows 10', os.arch: 'amd64', os.version: '10.0', java.version: '17.0.5'
Driver info: driver.version: ChromeDriver
remote stacktrace: Backtrace:
(No symbol) [0x0117DCE3]
(No symbol) [0x011139D1]
(No symbol) [0x01024DA8]
(No symbol) [0x01044F6C]
(No symbol) [0x01040D11]
(No symbol) [0x0103ED19]
(No symbol) [0x010715AE]
(No symbol) [0x0107129C]
(No symbol) [0x0106ACC6]
(No symbol) [0x01046F68]
(No symbol) [0x010480CD]
GetHandleVerifier [0x013F3832+2506274]
GetHandleVerifier [0x01429794+2727300]
GetHandleVerifier [0x0142E36C+2746716]
GetHandleVerifier [0x01226690+617600]
(No symbol) [0x0111C712]
(No symbol) [0x01121FF8]
(No symbol) [0x011220DB]
(No symbol) [0x0112C63B]
BaseThreadInitThunk [0x75BF00C9+25]
RtlGetAppContainerNamedObjectPath [0x77967B4E+286]
RtlGetAppContainerNamedObjectPath [0x77967B1E+238]
]]>
            </message>
            <full-stacktrace>
              <![CDATA[org.openqa.selenium.SessionNotCreatedException: session not created: This version of ChromeDriver only supports Chrome version 111
Current browser version is 114.0.5735.110 with binary path C:\Program Files\Google\Chrome\Application\chrome.exe
Build info: version: '3.141.59', revision: 'e82be7d358', time: '2018-11-14T08:17:03'
System info: host: 'PANKAJ', ip: '192.168.43.89', os.name: 'Windows 10', os.arch: 'amd64', os.version: '10.0', java.version: '17.0.5'
Driver info: driver.version: ChromeDriver
remote stacktrace: Backtrace:
(No symbol) [0x0117DCE3]
(No symbol) [0x011139D1]
(No symbol) [0x01024DA8]
(No symbol) [0x01044F6C]
(No symbol) [0x01040D11]
(No symbol) [0x0103ED19]
(No symbol) [0x010715AE]
(No symbol) [0x0107129C]
(No symbol) [0x0106ACC6]
(No symbol) [0x01046F68]
(No symbol) [0x010480CD]
GetHandleVerifier [0x013F3832+2506274]
GetHandleVerifier [0x01429794+2727300]
GetHandleVerifier [0x0142E36C+2746716]
GetHandleVerifier [0x01226690+617600]
(No symbol) [0x0111C712]
(No symbol) [0x01121FF8]
(No symbol) [0x011220DB]
(No symbol) [0x0112C63B]
BaseThreadInitThunk [0x75BF00C9+25]
RtlGetAppContainerNamedObjectPath [0x77967B4E+286]
RtlGetAppContainerNamedObjectPath [0x77967B1E+238]

at java.base/jdk.internal.reflect.NativeConstructorAccessorImpl.newInstance0(Native Method)
at java.base/jdk.internal.reflect.NativeConstructorAccessorImpl.newInstance(NativeConstructorAccessorImpl.java:77)
at java.base/jdk.internal.reflect.DelegatingConstructorAccessorImpl.newInstance(DelegatingConstructorAccessorImpl.java:45)
at java.base/java.lang.reflect.Constructor.newInstanceWithCaller(Constructor.java:499)
at java.base/java.lang.reflect.Constructor.newInstance(Constructor.java:480)
at org.openqa.selenium.remote.W3CHandshakeResponse.lambda$errorHandler$0(W3CHandshakeResponse.java:62)
at org.openqa.selenium.remote.HandshakeResponse.lambda$getResponseFunction$0(HandshakeResponse.java:30)
at org.openqa.selenium.remote.ProtocolHandshake.lambda$createSession$0(ProtocolHandshake.java:126)
at java.base/java.util.stream.ReferencePipeline$3$1.accept(ReferencePipeline.java:197)
at java.base/java.util.Spliterators$ArraySpliterator.tryAdvance(Spliterators.java:1002)
at java.base/java.util.stream.ReferencePipeline.forEachWithCancel(ReferencePipeline.java:129)
at java.base/java.util.stream.AbstractPipeline.copyIntoWithCancel(AbstractPipeline.java:527)
at java.base/java.util.stream.AbstractPipeline.copyInto(AbstractPipeline.java:513)
at java.base/java.util.stream.AbstractPipeline.wrapAndCopyInto(AbstractPipeline.java:499)
at java.base/java.util.stream.FindOps$FindOp.evaluateSequential(FindOps.java:150)
at java.base/java.util.stream.AbstractPipeline.evaluate(AbstractPipeline.java:234)
at java.base/java.util.stream.ReferencePipeline.findFirst(ReferencePipeline.java:647)
at org.openqa.selenium.remote.ProtocolHandshake.createSession(ProtocolHandshake.java:128)
at org.openqa.selenium.remote.ProtocolHandshake.createSession(ProtocolHandshake.java:74)
at org.openqa.selenium.remote.HttpCommandExecutor.execute(HttpCommandExecutor.java:136)
at org.openqa.selenium.remote.service.DriverCommandExecutor.execute(DriverCommandExecutor.java:83)
at org.openqa.selenium.remote.RemoteWebDriver.execute(RemoteWebDriver.java:552)
at org.openqa.selenium.remote.RemoteWebDriver.startSession(RemoteWebDriver.java:213)
at org.openqa.selenium.remote.RemoteWebDriver.<init>(RemoteWebDriver.java:131)
at org.openqa.selenium.chrome.ChromeDriver.<init>(ChromeDriver.java:181)
at org.openqa.selenium.chrome.ChromeDriver.<init>(ChromeDriver.java:168)
at org.openqa.selenium.chrome.ChromeDriver.<init>(ChromeDriver.java:157)
at browserSetup.Base.openChromeBrowser(Base.java:15)
at testpackBewkoof.ToVerifyHomePage.beforeTest(ToVerifyHomePage.java:36)
at java.base/jdk.internal.reflect.NativeMethodAccessorImpl.invoke0(Native Method)
at java.base/jdk.internal.reflect.NativeMethodAccessorImpl.invoke(NativeMethodAccessorImpl.java:77)
at java.base/jdk.internal.reflect.DelegatingMethodAccessorImpl.invoke(DelegatingMethodAccessorImpl.java:43)
at java.base/java.lang.reflect.Method.invoke(Method.java:568)
at org.testng.internal.MethodInvocationHelper.invokeMethod(MethodInvocationHelper.java:133)
at org.testng.internal.MethodInvocationHelper.invokeMethodConsideringTimeout(MethodInvocationHelper.java:62)
at org.testng.internal.ConfigInvoker.invokeConfigurationMethod(ConfigInvoker.java:385)
at org.testng.internal.ConfigInvoker.invokeConfigurations(ConfigInvoker.java:321)
at org.testng.TestRunner.invokeTestConfigurations(TestRunner.java:637)
at org.testng.TestRunner.beforeRun(TestRunner.java:627)
at org.testng.TestRunner.run(TestRunner.java:589)
at org.testng.SuiteRunner.runTest(SuiteRunner.java:377)
at org.testng.SuiteRunner.runSequentially(SuiteRunner.java:371)
at org.testng.SuiteRunner.privateRun(SuiteRunner.java:332)
at org.testng.SuiteRunner.run(SuiteRunner.java:276)
at org.testng.SuiteRunnerWorker.runSuite(SuiteRunnerWorker.java:53)
at org.testng.SuiteRunnerWorker.run(SuiteRunnerWorker.java:96)
at org.testng.TestNG.runSuitesSequentially(TestNG.java:1212)
at org.testng.TestNG.runSuitesLocally(TestNG.java:1134)
at org.testng.TestNG.runSuites(TestNG.java:1063)
at org.testng.TestNG.run(TestNG.java:1031)
at org.testng.remote.AbstractRemoteTestNG.run(AbstractRemoteTestNG.java:115)
at org.testng.remote.RemoteTestNG.initAndRun(RemoteTestNG.java:251)
at org.testng.remote.RemoteTestNG.main(RemoteTestNG.java:77)
]]>
            </full-stacktrace>
          </exception> <!-- org.openqa.selenium.SessionNotCreatedException -->
          <reporter-output>
          </reporter-output>
        </test-method> <!-- verifyMenSectionafterClickingMenTab -->
        <test-method is-config="true" signature="logOutBrowser(org.testng.ITestResult)[pri:0, instance:testpackBewkoof.ToVerifyHomePage@71809907]" started-at="2023-06-07T09:12:56 IST" name="logOutBrowser" finished-at="1970-01-01T05:30:00 IST" duration-ms="-1686109376932" status="SKIP">
          <reporter-output>
          </reporter-output>
        </test-method> <!-- logOutBrowser -->
        <test-method is-config="true" signature="openApplication()[pri:0, instance:testpackBewkoof.ToVerifyHomePage@71809907]" started-at="2023-06-07T09:12:56 IST" name="openApplication" finished-at="1970-01-01T05:30:00 IST" duration-ms="-1686109376935" status="SKIP">
          <reporter-output>
          </reporter-output>
        </test-method> <!-- openApplication -->
        <test-method signature="enterLoginDetail()[pri:0, instance:testpackBewkoof.ToVerifyHomePage@71809907]" started-at="2023-06-07T09:12:56 IST" name="enterLoginDetail" finished-at="2023-06-07T09:12:56 IST" duration-ms="0" status="SKIP">
          <exception class="org.openqa.selenium.SessionNotCreatedException">
            <message>
              <![CDATA[session not created: This version of ChromeDriver only supports Chrome version 111
Current browser version is 114.0.5735.110 with binary path C:\Program Files\Google\Chrome\Application\chrome.exe
Build info: version: '3.141.59', revision: 'e82be7d358', time: '2018-11-14T08:17:03'
System info: host: 'PANKAJ', ip: '192.168.43.89', os.name: 'Windows 10', os.arch: 'amd64', os.version: '10.0', java.version: '17.0.5'
Driver info: driver.version: ChromeDriver
remote stacktrace: Backtrace:
(No symbol) [0x0117DCE3]
(No symbol) [0x011139D1]
(No symbol) [0x01024DA8]
(No symbol) [0x01044F6C]
(No symbol) [0x01040D11]
(No symbol) [0x0103ED19]
(No symbol) [0x010715AE]
(No symbol) [0x0107129C]
(No symbol) [0x0106ACC6]
(No symbol) [0x01046F68]
(No symbol) [0x010480CD]
GetHandleVerifier [0x013F3832+2506274]
GetHandleVerifier [0x01429794+2727300]
GetHandleVerifier [0x0142E36C+2746716]
GetHandleVerifier [0x01226690+617600]
(No symbol) [0x0111C712]
(No symbol) [0x01121FF8]
(No symbol) [0x011220DB]
(No symbol) [0x0112C63B]
BaseThreadInitThunk [0x75BF00C9+25]
RtlGetAppContainerNamedObjectPath [0x77967B4E+286]
RtlGetAppContainerNamedObjectPath [0x77967B1E+238]
]]>
            </message>
            <full-stacktrace>
              <![CDATA[org.openqa.selenium.SessionNotCreatedException: session not created: This version of ChromeDriver only supports Chrome version 111
Current browser version is 114.0.5735.110 with binary path C:\Program Files\Google\Chrome\Application\chrome.exe
Build info: version: '3.141.59', revision: 'e82be7d358', time: '2018-11-14T08:17:03'
System info: host: 'PANKAJ', ip: '192.168.43.89', os.name: 'Windows 10', os.arch: 'amd64', os.version: '10.0', java.version: '17.0.5'
Driver info: driver.version: ChromeDriver
remote stacktrace: Backtrace:
(No symbol) [0x0117DCE3]
(No symbol) [0x011139D1]
(No symbol) [0x01024DA8]
(No symbol) [0x01044F6C]
(No symbol) [0x01040D11]
(No symbol) [0x0103ED19]
(No symbol) [0x010715AE]
(No symbol) [0x0107129C]
(No symbol) [0x0106ACC6]
(No symbol) [0x01046F68]
(No symbol) [0x010480CD]
GetHandleVerifier [0x013F3832+2506274]
GetHandleVerifier [0x01429794+2727300]
GetHandleVerifier [0x0142E36C+2746716]
GetHandleVerifier [0x01226690+617600]
(No symbol) [0x0111C712]
(No symbol) [0x01121FF8]
(No symbol) [0x011220DB]
(No symbol) [0x0112C63B]
BaseThreadInitThunk [0x75BF00C9+25]
RtlGetAppContainerNamedObjectPath [0x77967B4E+286]
RtlGetAppContainerNamedObjectPath [0x77967B1E+238]

at java.base/jdk.internal.reflect.NativeConstructorAccessorImpl.newInstance0(Native Method)
at java.base/jdk.internal.reflect.NativeConstructorAccessorImpl.newInstance(NativeConstructorAccessorImpl.java:77)
at java.base/jdk.internal.reflect.DelegatingConstructorAccessorImpl.newInstance(DelegatingConstructorAccessorImpl.java:45)
at java.base/java.lang.reflect.Constructor.newInstanceWithCaller(Constructor.java:499)
at java.base/java.lang.reflect.Constructor.newInstance(Constructor.java:480)
at org.openqa.selenium.remote.W3CHandshakeResponse.lambda$errorHandler$0(W3CHandshakeResponse.java:62)
at org.openqa.selenium.remote.HandshakeResponse.lambda$getResponseFunction$0(HandshakeResponse.java:30)
at org.openqa.selenium.remote.ProtocolHandshake.lambda$createSession$0(ProtocolHandshake.java:126)
at java.base/java.util.stream.ReferencePipeline$3$1.accept(ReferencePipeline.java:197)
at java.base/java.util.Spliterators$ArraySpliterator.tryAdvance(Spliterators.java:1002)
at java.base/java.util.stream.ReferencePipeline.forEachWithCancel(ReferencePipeline.java:129)
at java.base/java.util.stream.AbstractPipeline.copyIntoWithCancel(AbstractPipeline.java:527)
at java.base/java.util.stream.AbstractPipeline.copyInto(AbstractPipeline.java:513)
at java.base/java.util.stream.AbstractPipeline.wrapAndCopyInto(AbstractPipeline.java:499)
at java.base/java.util.stream.FindOps$FindOp.evaluateSequential(FindOps.java:150)
at java.base/java.util.stream.AbstractPipeline.evaluate(AbstractPipeline.java:234)
at java.base/java.util.stream.ReferencePipeline.findFirst(ReferencePipeline.java:647)
at org.openqa.selenium.remote.ProtocolHandshake.createSession(ProtocolHandshake.java:128)
at org.openqa.selenium.remote.ProtocolHandshake.createSession(ProtocolHandshake.java:74)
at org.openqa.selenium.remote.HttpCommandExecutor.execute(HttpCommandExecutor.java:136)
at org.openqa.selenium.remote.service.DriverCommandExecutor.execute(DriverCommandExecutor.java:83)
at org.openqa.selenium.remote.RemoteWebDriver.execute(RemoteWebDriver.java:552)
at org.openqa.selenium.remote.RemoteWebDriver.startSession(RemoteWebDriver.java:213)
at org.openqa.selenium.remote.RemoteWebDriver.<init>(RemoteWebDriver.java:131)
at org.openqa.selenium.chrome.ChromeDriver.<init>(ChromeDriver.java:181)
at org.openqa.selenium.chrome.ChromeDriver.<init>(ChromeDriver.java:168)
at org.openqa.selenium.chrome.ChromeDriver.<init>(ChromeDriver.java:157)
at browserSetup.Base.openChromeBrowser(Base.java:15)
at testpackBewkoof.ToVerifyHomePage.beforeTest(ToVerifyHomePage.java:36)
at java.base/jdk.internal.reflect.NativeMethodAccessorImpl.invoke0(Native Method)
at java.base/jdk.internal.reflect.NativeMethodAccessorImpl.invoke(NativeMethodAccessorImpl.java:77)
at java.base/jdk.internal.reflect.DelegatingMethodAccessorImpl.invoke(DelegatingMethodAccessorImpl.java:43)
at java.base/java.lang.reflect.Method.invoke(Method.java:568)
at org.testng.internal.MethodInvocationHelper.invokeMethod(MethodInvocationHelper.java:133)
at org.testng.internal.MethodInvocationHelper.invokeMethodConsideringTimeout(MethodInvocationHelper.java:62)
at org.testng.internal.ConfigInvoker.invokeConfigurationMethod(ConfigInvoker.java:385)
at org.testng.internal.ConfigInvoker.invokeConfigurations(ConfigInvoker.java:321)
at org.testng.TestRunner.invokeTestConfigurations(TestRunner.java:637)
at org.testng.TestRunner.beforeRun(TestRunner.java:627)
at org.testng.TestRunner.run(TestRunner.java:589)
at org.testng.SuiteRunner.runTest(SuiteRunner.java:377)
at org.testng.SuiteRunner.runSequentially(SuiteRunner.java:371)
at org.testng.SuiteRunner.privateRun(SuiteRunner.java:332)
at org.testng.SuiteRunner.run(SuiteRunner.java:276)
at org.testng.SuiteRunnerWorker.runSuite(SuiteRunnerWorker.java:53)
at org.testng.SuiteRunnerWorker.run(SuiteRunnerWorker.java:96)
at org.testng.TestNG.runSuitesSequentially(TestNG.java:1212)
at org.testng.TestNG.runSuitesLocally(TestNG.java:1134)
at org.testng.TestNG.runSuites(TestNG.java:1063)
at org.testng.TestNG.run(TestNG.java:1031)
at org.testng.remote.AbstractRemoteTestNG.run(AbstractRemoteTestNG.java:115)
at org.testng.remote.RemoteTestNG.initAndRun(RemoteTestNG.java:251)
at org.testng.remote.RemoteTestNG.main(RemoteTestNG.java:77)
]]>
            </full-stacktrace>
          </exception> <!-- org.openqa.selenium.SessionNotCreatedException -->
          <reporter-output>
          </reporter-output>
        </test-method> <!-- enterLoginDetail -->
        <test-method is-config="true" signature="logOutBrowser(org.testng.ITestResult)[pri:0, instance:testpackBewkoof.ToVerifyHomePage@71809907]" started-at="2023-06-07T09:12:56 IST" name="logOutBrowser" finished-at="1970-01-01T05:30:00 IST" duration-ms="-1686109376964" status="SKIP">
          <reporter-output>
          </reporter-output>
        </test-method> <!-- logOutBrowser -->
        <test-method is-config="true" signature="openApplication()[pri:0, instance:testpackBewkoof.ToVerifyHomePage@71809907]" started-at="2023-06-07T09:12:56 IST" name="openApplication" finished-at="1970-01-01T05:30:00 IST" duration-ms="-1686109376969" status="SKIP">
          <reporter-output>
          </reporter-output>
        </test-method> <!-- openApplication -->
        <test-method signature="verifyLoginButtononHomePage()[pri:0, instance:testpackBewkoof.ToVerifyHomePage@71809907]" started-at="2023-06-07T09:12:56 IST" name="verifyLoginButtononHomePage" finished-at="2023-06-07T09:12:56 IST" duration-ms="0" status="SKIP">
          <exception class="org.openqa.selenium.SessionNotCreatedException">
            <message>
              <![CDATA[session not created: This version of ChromeDriver only supports Chrome version 111
Current browser version is 114.0.5735.110 with binary path C:\Program Files\Google\Chrome\Application\chrome.exe
Build info: version: '3.141.59', revision: 'e82be7d358', time: '2018-11-14T08:17:03'
System info: host: 'PANKAJ', ip: '192.168.43.89', os.name: 'Windows 10', os.arch: 'amd64', os.version: '10.0', java.version: '17.0.5'
Driver info: driver.version: ChromeDriver
remote stacktrace: Backtrace:
(No symbol) [0x0117DCE3]
(No symbol) [0x011139D1]
(No symbol) [0x01024DA8]
(No symbol) [0x01044F6C]
(No symbol) [0x01040D11]
(No symbol) [0x0103ED19]
(No symbol) [0x010715AE]
(No symbol) [0x0107129C]
(No symbol) [0x0106ACC6]
(No symbol) [0x01046F68]
(No symbol) [0x010480CD]
GetHandleVerifier [0x013F3832+2506274]
GetHandleVerifier [0x01429794+2727300]
GetHandleVerifier [0x0142E36C+2746716]
GetHandleVerifier [0x01226690+617600]
(No symbol) [0x0111C712]
(No symbol) [0x01121FF8]
(No symbol) [0x011220DB]
(No symbol) [0x0112C63B]
BaseThreadInitThunk [0x75BF00C9+25]
RtlGetAppContainerNamedObjectPath [0x77967B4E+286]
RtlGetAppContainerNamedObjectPath [0x77967B1E+238]
]]>
            </message>
            <full-stacktrace>
              <![CDATA[org.openqa.selenium.SessionNotCreatedException: session not created: This version of ChromeDriver only supports Chrome version 111
Current browser version is 114.0.5735.110 with binary path C:\Program Files\Google\Chrome\Application\chrome.exe
Build info: version: '3.141.59', revision: 'e82be7d358', time: '2018-11-14T08:17:03'
System info: host: 'PANKAJ', ip: '192.168.43.89', os.name: 'Windows 10', os.arch: 'amd64', os.version: '10.0', java.version: '17.0.5'
Driver info: driver.version: ChromeDriver
remote stacktrace: Backtrace:
(No symbol) [0x0117DCE3]
(No symbol) [0x011139D1]
(No symbol) [0x01024DA8]
(No symbol) [0x01044F6C]
(No symbol) [0x01040D11]
(No symbol) [0x0103ED19]
(No symbol) [0x010715AE]
(No symbol) [0x0107129C]
(No symbol) [0x0106ACC6]
(No symbol) [0x01046F68]
(No symbol) [0x010480CD]
GetHandleVerifier [0x013F3832+2506274]
GetHandleVerifier [0x01429794+2727300]
GetHandleVerifier [0x0142E36C+2746716]
GetHandleVerifier [0x01226690+617600]
(No symbol) [0x0111C712]
(No symbol) [0x01121FF8]
(No symbol) [0x011220DB]
(No symbol) [0x0112C63B]
BaseThreadInitThunk [0x75BF00C9+25]
RtlGetAppContainerNamedObjectPath [0x77967B4E+286]
RtlGetAppContainerNamedObjectPath [0x77967B1E+238]

at java.base/jdk.internal.reflect.NativeConstructorAccessorImpl.newInstance0(Native Method)
at java.base/jdk.internal.reflect.NativeConstructorAccessorImpl.newInstance(NativeConstructorAccessorImpl.java:77)
at java.base/jdk.internal.reflect.DelegatingConstructorAccessorImpl.newInstance(DelegatingConstructorAccessorImpl.java:45)
at java.base/java.lang.reflect.Constructor.newInstanceWithCaller(Constructor.java:499)
at java.base/java.lang.reflect.Constructor.newInstance(Constructor.java:480)
at org.openqa.selenium.remote.W3CHandshakeResponse.lambda$errorHandler$0(W3CHandshakeResponse.java:62)
at org.openqa.selenium.remote.HandshakeResponse.lambda$getResponseFunction$0(HandshakeResponse.java:30)
at org.openqa.selenium.remote.ProtocolHandshake.lambda$createSession$0(ProtocolHandshake.java:126)
at java.base/java.util.stream.ReferencePipeline$3$1.accept(ReferencePipeline.java:197)
at java.base/java.util.Spliterators$ArraySpliterator.tryAdvance(Spliterators.java:1002)
at java.base/java.util.stream.ReferencePipeline.forEachWithCancel(ReferencePipeline.java:129)
at java.base/java.util.stream.AbstractPipeline.copyIntoWithCancel(AbstractPipeline.java:527)
at java.base/java.util.stream.AbstractPipeline.copyInto(AbstractPipeline.java:513)
at java.base/java.util.stream.AbstractPipeline.wrapAndCopyInto(AbstractPipeline.java:499)
at java.base/java.util.stream.FindOps$FindOp.evaluateSequential(FindOps.java:150)
at java.base/java.util.stream.AbstractPipeline.evaluate(AbstractPipeline.java:234)
at java.base/java.util.stream.ReferencePipeline.findFirst(ReferencePipeline.java:647)
at org.openqa.selenium.remote.ProtocolHandshake.createSession(ProtocolHandshake.java:128)
at org.openqa.selenium.remote.ProtocolHandshake.createSession(ProtocolHandshake.java:74)
at org.openqa.selenium.remote.HttpCommandExecutor.execute(HttpCommandExecutor.java:136)
at org.openqa.selenium.remote.service.DriverCommandExecutor.execute(DriverCommandExecutor.java:83)
at org.openqa.selenium.remote.RemoteWebDriver.execute(RemoteWebDriver.java:552)
at org.openqa.selenium.remote.RemoteWebDriver.startSession(RemoteWebDriver.java:213)
at org.openqa.selenium.remote.RemoteWebDriver.<init>(RemoteWebDriver.java:131)
at org.openqa.selenium.chrome.ChromeDriver.<init>(ChromeDriver.java:181)
at org.openqa.selenium.chrome.ChromeDriver.<init>(ChromeDriver.java:168)
at org.openqa.selenium.chrome.ChromeDriver.<init>(ChromeDriver.java:157)
at browserSetup.Base.openChromeBrowser(Base.java:15)
at testpackBewkoof.ToVerifyHomePage.beforeTest(ToVerifyHomePage.java:36)
at java.base/jdk.internal.reflect.NativeMethodAccessorImpl.invoke0(Native Method)
at java.base/jdk.internal.reflect.NativeMethodAccessorImpl.invoke(NativeMethodAccessorImpl.java:77)
at java.base/jdk.internal.reflect.DelegatingMethodAccessorImpl.invoke(DelegatingMethodAccessorImpl.java:43)
at java.base/java.lang.reflect.Method.invoke(Method.java:568)
at org.testng.internal.MethodInvocationHelper.invokeMethod(MethodInvocationHelper.java:133)
at org.testng.internal.MethodInvocationHelper.invokeMethodConsideringTimeout(MethodInvocationHelper.java:62)
at org.testng.internal.ConfigInvoker.invokeConfigurationMethod(ConfigInvoker.java:385)
at org.testng.internal.ConfigInvoker.invokeConfigurations(ConfigInvoker.java:321)
at org.testng.TestRunner.invokeTestConfigurations(TestRunner.java:637)
at org.testng.TestRunner.beforeRun(TestRunner.java:627)
at org.testng.TestRunner.run(TestRunner.java:589)
at org.testng.SuiteRunner.runTest(SuiteRunner.java:377)
at org.testng.SuiteRunner.runSequentially(SuiteRunner.java:371)
at org.testng.SuiteRunner.privateRun(SuiteRunner.java:332)
at org.testng.SuiteRunner.run(SuiteRunner.java:276)
at org.testng.SuiteRunnerWorker.runSuite(SuiteRunnerWorker.java:53)
at org.testng.SuiteRunnerWorker.run(SuiteRunnerWorker.java:96)
at org.testng.TestNG.runSuitesSequentially(TestNG.java:1212)
at org.testng.TestNG.runSuitesLocally(TestNG.java:1134)
at org.testng.TestNG.runSuites(TestNG.java:1063)
at org.testng.TestNG.run(TestNG.java:1031)
at org.testng.remote.AbstractRemoteTestNG.run(AbstractRemoteTestNG.java:115)
at org.testng.remote.RemoteTestNG.initAndRun(RemoteTestNG.java:251)
at org.testng.remote.RemoteTestNG.main(RemoteTestNG.java:77)
]]>
            </full-stacktrace>
          </exception> <!-- org.openqa.selenium.SessionNotCreatedException -->
          <reporter-output>
          </reporter-output>
        </test-method> <!-- verifyLoginButtononHomePage -->
        <test-method is-config="true" signature="logOutBrowser(org.testng.ITestResult)[pri:0, instance:testpackBewkoof.ToVerifyHomePage@71809907]" started-at="2023-06-07T09:12:56 IST" name="logOutBrowser" finished-at="1970-01-01T05:30:00 IST" duration-ms="-1686109376979" status="SKIP">
          <reporter-output>
          </reporter-output>
        </test-method> <!-- logOutBrowser -->
        <test-method is-config="true" signature="clearObject()[pri:0, instance:testpackBewkoof.ToVerifyHomePage@71809907]" started-at="2023-06-07T09:12:56 IST" name="clearObject" finished-at="1970-01-01T05:30:00 IST" duration-ms="-1686109376983" status="SKIP">
          <reporter-output>
          </reporter-output>
        </test-method> <!-- clearObject -->
        <test-method is-config="true" signature="afterTest()[pri:0, instance:testpackBewkoof.ToVerifyHomePage@71809907]" started-at="2023-06-07T09:12:56 IST" name="afterTest" finished-at="1970-01-01T05:30:00 IST" duration-ms="-1686109376986" status="SKIP">
          <reporter-output>
          </reporter-output>
        </test-method> <!-- afterTest -->
      </class> <!-- testpackBewkoof.ToVerifyHomePage -->
    </test> <!-- ChromeTest(failed) -->
    <test started-at="2023-06-07T09:12:57 IST" name="FirefoxTest(failed)" finished-at="2023-06-07T09:13:09 IST" duration-ms="12202">
      <class name="testpackBewkoof.ToVerifyShirtSection">
        <test-method is-config="true" signature="beforeTest(java.lang.String)[pri:0, instance:testpackBewkoof.ToVerifyShirtSection@2b662a77]" started-at="2023-06-07T09:12:57 IST" name="beforeTest" finished-at="2023-06-07T09:13:01 IST" duration-ms="4160" status="PASS">
          <params>
            <param index="0">
              <value>
                <![CDATA[Firefox]]>
              </value>
            </param>
          </params>
          <reporter-output>
          </reporter-output>
        </test-method> <!-- beforeTest -->
        <test-method is-config="true" signature="launchBrowser()[pri:0, instance:testpackBewkoof.ToVerifyShirtSection@2b662a77]" started-at="2023-06-07T09:13:01 IST" name="launchBrowser" finished-at="2023-06-07T09:13:01 IST" duration-ms="0" status="PASS">
          <reporter-output>
          </reporter-output>
        </test-method> <!-- launchBrowser -->
        <test-method is-config="true" signature="openApplication()[pri:0, instance:testpackBewkoof.ToVerifyShirtSection@2b662a77]" started-at="2023-06-07T09:13:01 IST" name="openApplication" finished-at="2023-06-07T09:13:07 IST" duration-ms="5986" status="PASS">
          <reporter-output>
          </reporter-output>
        </test-method> <!-- openApplication -->
        <test-method signature="veriftShirtDetailsAfterClicking()[pri:0, instance:testpackBewkoof.ToVerifyShirtSection@2b662a77]" started-at="2023-06-07T09:13:07 IST" name="veriftShirtDetailsAfterClicking" finished-at="2023-06-07T09:13:07 IST" duration-ms="615" status="FAIL">
          <exception class="java.lang.AssertionError">
            <message>
              <![CDATA[expected [https://www.bewakoof.com/p/mens-red-groovin-graphic-printed-oversized-t-shirt] but found [https://www.bewakoof.com/login?ref=/men-clothing]]]>
            </message>
            <full-stacktrace>
              <![CDATA[java.lang.AssertionError: expected [https://www.bewakoof.com/p/mens-red-groovin-graphic-printed-oversized-t-shirt] but found [https://www.bewakoof.com/login?ref=/men-clothing]
at org.testng.Assert.fail(Assert.java:99)
at org.testng.Assert.failNotEquals(Assert.java:1037)
at org.testng.Assert.assertEqualsImpl(Assert.java:140)
at org.testng.Assert.assertEquals(Assert.java:122)
at org.testng.Assert.assertEquals(Assert.java:629)
at org.testng.Assert.assertEquals(Assert.java:639)
at testpackBewkoof.ToVerifyShirtSection.veriftShirtDetailsAfterClicking(ToVerifyShirtSection.java:73)
at java.base/jdk.internal.reflect.NativeMethodAccessorImpl.invoke0(Native Method)
at java.base/jdk.internal.reflect.NativeMethodAccessorImpl.invoke(NativeMethodAccessorImpl.java:77)
at java.base/jdk.internal.reflect.DelegatingMethodAccessorImpl.invoke(DelegatingMethodAccessorImpl.java:43)
at java.base/java.lang.reflect.Method.invoke(Method.java:568)
at org.testng.internal.MethodInvocationHelper.invokeMethod(MethodInvocationHelper.java:133)
at org.testng.internal.TestInvoker.invokeMethod(TestInvoker.java:598)
at org.testng.internal.TestInvoker.invokeTestMethod(TestInvoker.java:173)
at org.testng.internal.MethodRunner.runInSequence(MethodRunner.java:46)
at org.testng.internal.TestInvoker$MethodInvocationAgent.invoke(TestInvoker.java:824)
at org.testng.internal.TestInvoker.invokeTestMethods(TestInvoker.java:146)
at org.testng.internal.TestMethodWorker.invokeTestMethods(TestMethodWorker.java:146)
at org.testng.internal.TestMethodWorker.run(TestMethodWorker.java:128)
at java.base/java.util.concurrent.ThreadPoolExecutor.runWorker(ThreadPoolExecutor.java:1136)
at java.base/java.util.concurrent.ThreadPoolExecutor$Worker.run(ThreadPoolExecutor.java:635)
at java.base/java.lang.Thread.run(Thread.java:833)
]]>
            </full-stacktrace>
          </exception> <!-- java.lang.AssertionError -->
          <reporter-output>
          </reporter-output>
        </test-method> <!-- veriftShirtDetailsAfterClicking -->
        <test-method is-config="true" signature="afterMethod(org.testng.ITestResult)[pri:0, instance:testpackBewkoof.ToVerifyShirtSection@2b662a77]" started-at="2023-06-07T09:13:07 IST" name="afterMethod" finished-at="2023-06-07T09:13:07 IST" duration-ms="80" status="PASS">
          <params>
            <param index="0">
              <value>
                <![CDATA[[TestResult name=veriftShirtDetailsAfterClicking status=FAILURE method=ToVerifyShirtSection.veriftShirtDetailsAfterClicking()[pri:0, instance:testpackBewkoof.ToVerifyShirtSection@2b662a77] output={null}]]]>
              </value>
            </param>
          </params>
          <reporter-output>
          </reporter-output>
        </test-method> <!-- afterMethod -->
        <test-method is-config="true" signature="clearObject()[pri:0, instance:testpackBewkoof.ToVerifyShirtSection@2b662a77]" started-at="2023-06-07T09:13:07 IST" name="clearObject" finished-at="2023-06-07T09:13:09 IST" duration-ms="1354" status="PASS">
          <reporter-output>
          </reporter-output>
        </test-method> <!-- clearObject -->
        <test-method is-config="true" signature="afterTest()[pri:0, instance:testpackBewkoof.ToVerifyShirtSection@2b662a77]" started-at="2023-06-07T09:13:09 IST" name="afterTest" finished-at="2023-06-07T09:13:09 IST" duration-ms="0" status="PASS">
          <reporter-output>
          </reporter-output>
        </test-method> <!-- afterTest -->
      </class> <!-- testpackBewkoof.ToVerifyShirtSection -->
    </test> <!-- FirefoxTest(failed) -->
  </suite> <!-- Failed suite [HighPrioritySuite] -->
</testng-results>
